▲ Next.js 16.2.1 (Turbopack)
- Local:         http://localhost:3000
- Network:       http://192.168.1.82:3000
- Environments: .env.local, .env
✓ Ready in 197ms

(node:59400) Warning: SECURITY WARNING: The SSL modes 'prefer', 'require', and 'verify-ca' are treated as aliases for 'verify-full'.
In the next major version (pg-connection-string v3.0.0 and pg v9.0.0), these modes will adopt standard libpq semantics, which have weaker security guarantees.

To prepare for this change:
- If you want the current behavior, explicitly use 'sslmode=verify-full'
- If you want libpq compatibility now, use 'uselibpqcompat=true&sslmode=require'

See https://www.postgresql.org/docs/current/libpq-ssl.html for libpq SSL mode definitions.
(Use `node --trace-warnings ...` to show where the warning was created)
 GET /dashboard 200 in 2.2s (next.js: 925ms, application-code: 1234ms)
 GET /api/p2p/initial-capital 200 in 243ms (next.js: 62ms, application-code: 181ms)
 GET /api/operations 200 in 1299ms (next.js: 201ms, application-code: 1098ms)
 GET /api/p2p/bot/ads?exchange=binance 200 in 682ms (next.js: 53ms, application-code: 629ms)
 GET /api/p2p/capacity 200 in 295ms (next.js: 47ms, application-code: 248ms)
 GET /api/p2p/initial-capital 200 in 126ms (next.js: 1641µs, application-code: 125ms)
 GET /api/p2p/bot/exchange-config?_=tpzfb2s76h 200 in 966ms (next.js: 70ms, application-code: 896ms)
 GET /api/p2p/bot/logs?limit=30&exchange=binance 200 in 1039ms (next.js: 124ms, application-code: 915ms)
 GET /api/p2p/bot/config 200 in 1040ms (next.js: 107ms, application-code: 933ms)
 GET /api/p2p/bot/exchange-config?_=uefzy0nby5 200 in 133ms (next.js: 1289µs, application-code: 132ms)
 GET /api/p2p/initial-capital 200 in 129ms (next.js: 773µs, application-code: 128ms)
 GET /api/p2p/bot/logs?limit=30&exchange=binance 200 in 127ms (next.js: 821µs, application-code: 126ms)
 GET /api/binance/credentials 200 in 199ms (next.js: 73ms, application-code: 126ms)
 GET /api/p2p/bot/config 200 in 143ms (next.js: 1725µs, application-code: 141ms)
 GET /api/expenses 200 in 298ms (next.js: 45ms, application-code: 253ms)
 GET /api/binance/credentials 200 in 129ms (next.js: 1477µs, application-code: 128ms)
 GET /api/p2p/bot/orders?limit=20&live=true&exchange=binance 200 in 1391ms (next.js: 138ms, application-code: 1253ms)
 GET /api/p2p/bot/orders?limit=20&live=true&exchange=binance 200 in 4ms (next.js: 1195µs, application-code: 3ms)
 GET /api/p2p/capacity 200 in 252ms (next.js: 1195µs, application-code: 251ms)
 GET /api/capital 200 in 322ms (next.js: 71ms, application-code: 251ms)
 GET /api/p2p/bot/ads?exchange=binance 200 in 602ms (next.js: 1340µs, application-code: 600ms)
 GET /api/p2p/bot/ads?exchange=binance 200 in 588ms (next.js: 1646µs, application-code: 586ms)
 GET /api/binance/p2p-history 200 in 4.5s (next.js: 86ms, application-code: 4.4s)
 GET /api/p2p/initial-capital 200 in 133ms (next.js: 2ms, application-code: 130ms)
 GET /api/p2p/capacity 200 in 260ms (next.js: 3ms, application-code: 257ms)
 POST /api/p2p/bot/cycle 200 in 29.9s (next.js: 51ms, application-code: 29.8s)
 GET /api/p2p/bot/config 200 in 139ms (next.js: 5ms, application-code: 135ms)
 GET /api/p2p/bot/logs?limit=30&exchange=binance 200 in 141ms (next.js: 9ms, application-code: 131ms)
 GET /api/p2p/bot/orders?limit=20&live=true&exchange=binance 200 in 501ms (next.js: 1246µs, application-code: 500ms)
 GET /api/p2p/bot/exchange-config?_=cj49os3h8be 200 in 890ms (next.js: 2ms, application-code: 888ms)
 GET /api/binance/credentials 200 in 133ms (next.js: 3ms, application-code: 130ms)
 GET /api/p2p/bot/ads?exchange=binance 200 in 597ms (next.js: 4ms, application-code: 593ms)
 GET /api/binance/p2p-history 200 in 5.9s (next.js: 4ms, application-code: 5.9s)
 GET /api/p2p/initial-capital 200 in 133ms (next.js: 3ms, application-code: 129ms)
 GET /api/binance/p2p-history 200 in 4.4s (next.js: 3ms, application-code: 4.4s)
 GET /api/p2p/initial-capital 200 in 135ms (next.js: 6ms, application-code: 130ms)
 GET /api/p2p/capacity 200 in 1032ms (next.js: 8ms, application-code: 1024ms)
 POST /api/p2p/bot/cycle 200 in 28.5s (next.js: 4ms, application-code: 28.5s)
 GET /api/p2p/bot/logs?limit=30&exchange=binance 200 in 141ms (next.js: 9ms, application-code: 132ms)
 GET /api/p2p/bot/config 200 in 145ms (next.js: 5ms, application-code: 140ms)
 GET /api/p2p/bot/exchange-config?_=tm98m0akuhr 200 in 893ms (next.js: 5ms, application-code: 888ms)
 GET /api/binance/credentials 200 in 136ms (next.js: 3ms, application-code: 132ms)
 GET /api/p2p/bot/orders?limit=20&live=true&exchange=binance 200 in 1294ms (next.js: 15ms, application-code: 1279ms)
 GET /api/p2p/bot/ads?exchange=binance 200 in 610ms (next.js: 3ms, application-code: 607ms)
 GET /api/binance/p2p-history 200 in 4.4s (next.js: 17ms, application-code: 4.4s)
 GET /api/p2p/initial-capital 200 in 143ms (next.js: 8ms, application-code: 134ms)
 GET /api/binance/p2p-history 200 in 5.1s (next.js: 5ms, application-code: 5.1s)
 GET /api/p2p/initial-capital 200 in 132ms (next.js: 3ms, application-code: 129ms)
 GET /api/p2p/capacity 200 in 1030ms (next.js: 5ms, application-code: 1026ms)
 POST /api/p2p/bot/cycle 200 in 27.6s (next.js: 5ms, application-code: 27.6s)
 GET /api/p2p/bot/config 200 in 152ms (next.js: 19ms, application-code: 133ms)
 GET /api/p2p/bot/logs?limit=30&exchange=binance 200 in 263ms (next.js: 9ms, application-code: 254ms)
 GET /api/p2p/bot/exchange-config?_=sdc0zzzc3db 200 in 909ms (next.js: 7ms, application-code: 902ms)
 GET /api/binance/credentials 200 in 137ms (next.js: 3ms, application-code: 134ms)
 GET /api/p2p/bot/orders?limit=20&live=true&exchange=binance 200 in 1286ms (next.js: 7ms, application-code: 1279ms)
 GET /api/p2p/bot/ads?exchange=binance 200 in 605ms (next.js: 3ms, application-code: 603ms)
 GET /api/binance/p2p-history 200 in 4.4s (next.js: 9ms, application-code: 4.4s)
 GET /api/p2p/initial-capital 200 in 134ms (next.js: 4ms, application-code: 130ms)
 GET /api/binance/p2p-history 200 in 5.2s (next.js: 8ms, application-code: 5.2s)
 GET /api/p2p/initial-capital 200 in 139ms (next.js: 6ms, application-code: 133ms)
 GET /api/p2p/capacity 200 in 1053ms (next.js: 5ms, application-code: 1048ms)
 POST /api/p2p/bot/cycle 200 in 28.4s (next.js: 3ms, application-code: 28.4s)
 GET /api/p2p/bot/config 200 in 141ms (next.js: 4ms, application-code: 137ms)
 GET /api/p2p/bot/logs?limit=30&exchange=binance 200 in 146ms (next.js: 8ms, application-code: 138ms)
 GET /api/p2p/bot/exchange-config?_=378jdbxqtxo 200 in 899ms (next.js: 5ms, application-code: 894ms)
 GET /api/binance/credentials 200 in 133ms (next.js: 3ms, application-code: 130ms)
 GET /api/p2p/bot/orders?limit=20&live=true&exchange=binance 200 in 1275ms (next.js: 2ms, application-code: 1273ms)
 GET /api/p2p/bot/ads?exchange=binance 200 in 599ms (next.js: 3ms, application-code: 596ms)
 GET /api/binance/p2p-history 200 in 4.4s (next.js: 16ms, application-code: 4.4s)
 GET /api/p2p/initial-capital 200 in 133ms (next.js: 3ms, application-code: 130ms)
 GET /api/binance/p2p-history 200 in 5.1s (next.js: 6ms, application-code: 5.1s)
 GET /api/p2p/initial-capital 200 in 129ms (next.js: 3ms, application-code: 127ms)
 GET /api/p2p/capacity 200 in 1024ms (next.js: 2ms, application-code: 1022ms)
 POST /api/p2p/bot/cycle 200 in 27.6s (next.js: 4ms, application-code: 27.6s)
 GET /api/p2p/bot/config 200 in 137ms (next.js: 3ms, application-code: 134ms)
 GET /api/p2p/bot/logs?limit=30&exchange=binance 200 in 264ms (next.js: 7ms, application-code: 257ms)
 GET /api/p2p/bot/exchange-config?_=xgfhhchcli 200 in 898ms (next.js: 6ms, application-code: 892ms)
 GET /api/binance/credentials 200 in 135ms (next.js: 4ms, application-code: 131ms)
 GET /api/p2p/bot/orders?limit=20&live=true&exchange=binance 200 in 1288ms (next.js: 11ms, application-code: 1277ms)
 GET /api/p2p/bot/ads?exchange=binance 200 in 608ms (next.js: 1731µs, application-code: 607ms)
 GET /api/binance/p2p-history 200 in 4.4s (next.js: 13ms, application-code: 4.3s)
 GET /api/p2p/initial-capital 200 in 135ms (next.js: 3ms, application-code: 132ms)
 GET /api/binance/p2p-history 200 in 5.2s (next.js: 4ms, application-code: 5.2s)
 GET /api/p2p/initial-capital 200 in 143ms (next.js: 6ms, application-code: 136ms)
 GET /api/p2p/capacity 200 in 1373ms (next.js: 3ms, application-code: 1370ms)
 POST /api/p2p/bot/cycle 200 in 29.3s (next.js: 4ms, application-code: 29.3s)
 GET /api/p2p/bot/logs?limit=30&exchange=binance 200 in 187ms (next.js: 11ms, application-code: 176ms)
 GET /api/p2p/bot/config 200 in 189ms (next.js: 5ms, application-code: 184ms)
 GET /api/p2p/bot/exchange-config?_=rs7zmzqox2 200 in 1225ms (next.js: 4ms, application-code: 1221ms)
 GET /api/binance/credentials 200 in 141ms (next.js: 3ms, application-code: 137ms)
 GET /api/p2p/bot/orders?limit=20&live=true&exchange=binance 200 in 1601ms (next.js: 2ms, application-code: 1598ms)
 GET /api/p2p/bot/ads?exchange=binance 200 in 718ms (next.js: 2ms, application-code: 716ms)
 GET /api/binance/p2p-history 200 in 5.7s (next.js: 7ms, application-code: 5.7s)
 GET /api/p2p/initial-capital 200 in 130ms (next.js: 1663µs, application-code: 129ms)
 GET /api/binance/p2p-history 200 in 5.7s (next.js: 18ms, application-code: 5.7s)
 GET /api/p2p/initial-capital 200 in 164ms (next.js: 20ms, application-code: 144ms)
 GET /api/p2p/capacity 200 in 267ms (next.js: 6ms, application-code: 261ms)
 GET /api/binance/p2p-history 200 in 4.4s (next.js: 8ms, application-code: 4.4s)
 GET /api/p2p/initial-capital 200 in 144ms (next.js: 9ms, application-code: 134ms)
 POST /api/p2p/bot/cycle 200 in 31.9s (next.js: 3ms, application-code: 31.9s)
 GET /api/p2p/bot/config 200 in 140ms (next.js: 7ms, application-code: 133ms)
 GET /api/p2p/bot/logs?limit=30&exchange=binance 200 in 270ms (next.js: 12ms, application-code: 258ms)
 GET /api/p2p/bot/exchange-config?_=xpqsl0s59op 200 in 922ms (next.js: 6ms, application-code: 916ms)
 GET /api/binance/credentials 200 in 167ms (next.js: 2ms, application-code: 165ms)
 GET /api/p2p/bot/orders?limit=20&live=true&exchange=binance 200 in 1320ms (next.js: 17ms, application-code: 1304ms)
 GET /api/p2p/bot/ads?exchange=binance 200 in 603ms (next.js: 2ms, application-code: 600ms)
 GET /api/binance/p2p-history 200 in 4.4s (next.js: 6ms, application-code: 4.4s)
 GET /api/p2p/initial-capital 200 in 134ms (next.js: 3ms, application-code: 131ms)
 GET /dashboard 200 in 1230ms (next.js: 10ms, application-code: 1220ms)
 POST /api/p2p/bot/cycle 200 in 11.3s (next.js: 5ms, application-code: 11.3s)
 GET /api/p2p/initial-capital 200 in 133ms (next.js: 1988µs, application-code: 131ms)
 GET /api/p2p/bot/logs?limit=30&exchange=binance 200 in 146ms (next.js: 9ms, application-code: 137ms)
 GET /api/p2p/bot/config 200 in 148ms (next.js: 3ms, application-code: 145ms)
 GET /api/p2p/initial-capital 200 in 133ms (next.js: 1645µs, application-code: 132ms)
 GET /api/p2p/capacity 200 in 258ms (next.js: 3ms, application-code: 254ms)
 GET /api/operations 200 in 1092ms (next.js: 43ms, application-code: 1048ms)
 GET /api/p2p/bot/config 200 in 135ms (next.js: 3ms, application-code: 133ms)
 GET /api/p2p/bot/logs?limit=30&exchange=binance 200 in 133ms (next.js: 2ms, application-code: 130ms)
 GET /api/p2p/bot/exchange-config?_=wm96g7fp3rf 200 in 139ms (next.js: 4ms, application-code: 135ms)
 GET /api/p2p/bot/ads?exchange=binance 200 in 598ms (next.js: 1551µs, application-code: 596ms)
 GET /api/binance/credentials 200 in 133ms (next.js: 2ms, application-code: 131ms)
 GET /api/expenses 200 in 261ms (next.js: 3ms, application-code: 258ms)
 GET /api/p2p/bot/exchange-config?_=tr28da9cko 200 in 920ms (next.js: 18ms, application-code: 902ms)
 GET /api/p2p/initial-capital 200 in 131ms (next.js: 2ms, application-code: 129ms)
 GET /api/capital 200 in 261ms (next.js: 3ms, application-code: 257ms)
 GET /api/binance/credentials 200 in 134ms (next.js: 3ms, application-code: 131ms)
 GET /api/p2p/bot/orders?limit=20&live=true&exchange=binance 200 in 1305ms (next.js: 13ms, application-code: 1292ms)
 GET /api/p2p/bot/orders?limit=20&live=true&exchange=binance 200 in 5ms (next.js: 1482µs, application-code: 4ms)
 GET /api/p2p/bot/ads?exchange=binance 200 in 636ms (next.js: 2ms, application-code: 634ms)
 GET /api/p2p/capacity 200 in 269ms (next.js: 1601µs, application-code: 267ms)
 GET /api/p2p/bot/ads?exchange=binance 200 in 595ms (next.js: 1330µs, application-code: 593ms)
 GET /api/binance/p2p-history 200 in 4.4s (next.js: 9ms, application-code: 4.4s)
 GET /api/p2p/initial-capital 200 in 145ms (next.js: 11ms, application-code: 134ms)
 POST /api/p2p/bot/cycle 200 in 28.5s (next.js: 3ms, application-code: 28.5s)
 GET /api/p2p/bot/config 200 in 144ms (next.js: 7ms, application-code: 137ms)
 GET /api/p2p/capacity 200 in 254ms (next.js: 1376µs, application-code: 253ms)
 GET /api/p2p/bot/logs?limit=30&exchange=binance 200 in 921ms (next.js: 19ms, application-code: 902ms)
 GET /api/p2p/bot/exchange-config?_=easn5gwr8vl 200 in 912ms (next.js: 7ms, application-code: 906ms)
 GET /api/binance/credentials 200 in 129ms (next.js: 1560µs, application-code: 127ms)
 GET /api/p2p/bot/orders?limit=20&live=true&exchange=binance 200 in 1298ms (next.js: 8ms, application-code: 1290ms)
 GET /api/p2p/bot/ads?exchange=binance 200 in 606ms (next.js: 1891µs, application-code: 604ms)
 GET /api/binance/p2p-history 200 in 5.2s (next.js: 2ms, application-code: 5.2s)
 GET /api/p2p/initial-capital 200 in 134ms (next.js: 3ms, application-code: 131ms)
 GET /api/binance/p2p-history 200 in 4.4s (next.js: 6ms, application-code: 4.4s)
 GET /api/p2p/initial-capital 200 in 133ms (next.js: 3ms, application-code: 130ms)
 POST /api/p2p/bot/cycle 200 in 27.8s (next.js: 1400µs, application-code: 27.8s)
 GET /api/p2p/bot/config 200 in 146ms (next.js: 8ms, application-code: 137ms)
 GET /api/p2p/bot/exchange-config?_=gpjif3yev55 200 in 915ms (next.js: 10ms, application-code: 905ms)
 GET /api/p2p/bot/logs?limit=30&exchange=binance 200 in 918ms (next.js: 3ms, application-code: 915ms)
 GET /api/binance/credentials 200 in 136ms (next.js: 4ms, application-code: 132ms)
 GET /api/p2p/bot/orders?limit=20&live=true&exchange=binance 200 in 1313ms (next.js: 6ms, application-code: 1306ms)
 GET /api/p2p/capacity 200 in 1037ms (next.js: 4ms, application-code: 1033ms)
 GET /api/p2p/bot/ads?exchange=binance 200 in 613ms (next.js: 2ms, application-code: 611ms)
 GET /api/binance/p2p-history 200 in 4.4s (next.js: 6ms, application-code: 4.4s)
 GET /api/p2p/initial-capital 200 in 132ms (next.js: 1650µs, application-code: 130ms)
 GET /api/binance/p2p-history 200 in 5.2s (next.js: 7ms, application-code: 5.1s)
 GET /api/p2p/initial-capital 200 in 134ms (next.js: 3ms, application-code: 131ms)
 POST /api/p2p/bot/cycle 200 in 27.7s (next.js: 4ms, application-code: 27.7s)
 GET /api/p2p/bot/config 200 in 144ms (next.js: 5ms, application-code: 139ms)
 GET /api/p2p/bot/logs?limit=30&exchange=binance 200 in 260ms (next.js: 3ms, application-code: 256ms)
 GET /api/p2p/bot/exchange-config?_=kt4liowyeen 200 in 906ms (next.js: 6ms, application-code: 900ms)
 GET /api/p2p/capacity 200 in 260ms (next.js: 3ms, application-code: 257ms)
 GET /api/binance/credentials 200 in 133ms (next.js: 1761µs, application-code: 131ms)
 GET /api/p2p/bot/orders?limit=20&live=true&exchange=binance 200 in 1304ms (next.js: 6ms, application-code: 1298ms)
 GET /api/p2p/bot/ads?exchange=binance 200 in 596ms (next.js: 3ms, application-code: 593ms)
 GET /api/binance/p2p-history 200 in 4.3s (next.js: 4ms, application-code: 4.3s)
 GET /api/p2p/initial-capital 200 in 133ms (next.js: 3ms, application-code: 130ms)
 GET /api/binance/p2p-history 200 in 4.5s (next.js: 4ms, application-code: 4.5s)
 GET /api/p2p/initial-capital 200 in 144ms (next.js: 5ms, application-code: 139ms)
 POST /api/p2p/bot/cycle 200 in 28.5s (next.js: 3ms, application-code: 28.4s)
 GET /api/p2p/bot/config 200 in 153ms (next.js: 11ms, application-code: 142ms)
 GET /api/p2p/capacity 200 in 262ms (next.js: 1807µs, application-code: 260ms)
 GET /api/p2p/bot/exchange-config?_=sf50ahn6ecc 200 in 897ms (next.js: 11ms, application-code: 886ms)
 GET /api/p2p/bot/logs?limit=30&exchange=binance 200 in 929ms (next.js: 24ms, application-code: 905ms)
 GET /api/binance/credentials 200 in 132ms (next.js: 4ms, application-code: 129ms)
 GET /api/p2p/bot/orders?limit=20&live=true&exchange=binance 200 in 1280ms (next.js: 11ms, application-code: 1268ms)
 GET /api/p2p/bot/ads?exchange=binance 200 in 597ms (next.js: 1846µs, application-code: 595ms)
 GET /api/binance/p2p-history 200 in 5.1s (next.js: 9ms, application-code: 5.1s)
 GET /api/p2p/initial-capital 200 in 129ms (next.js: 1747µs, application-code: 128ms)
 GET /api/binance/p2p-history 200 in 4.5s (next.js: 7ms, application-code: 4.5s)
 GET /api/p2p/initial-capital 200 in 146ms (next.js: 6ms, application-code: 140ms)
 POST /api/p2p/bot/cycle 200 in 27.9s (next.js: 3ms, application-code: 27.9s)
 GET /api/p2p/bot/config 200 in 132ms (next.js: 3ms, application-code: 129ms)
 GET /api/p2p/bot/logs?limit=30&exchange=binance 200 in 892ms (next.js: 2ms, application-code: 890ms)
 GET /api/p2p/bot/exchange-config?_=2xpjp0f3rzp 200 in 892ms (next.js: 5ms, application-code: 888ms)
 GET /api/binance/credentials 200 in 133ms (next.js: 3ms, application-code: 130ms)
 GET /api/p2p/bot/orders?limit=20&live=true&exchange=binance 200 in 1279ms (next.js: 6ms, application-code: 1273ms)
 GET /api/p2p/capacity 200 in 1010ms (next.js: 1994µs, application-code: 1008ms)
 GET /api/p2p/bot/ads?exchange=binance 200 in 598ms (next.js: 1900µs, application-code: 596ms)
 GET /api/binance/p2p-history 200 in 4.4s (next.js: 3ms, application-code: 4.4s)
 GET /api/p2p/initial-capital 200 in 133ms (next.js: 3ms, application-code: 130ms)
 GET /api/binance/p2p-history 200 in 5.2s (next.js: 9ms, application-code: 5.2s)
 GET /api/p2p/initial-capital 200 in 138ms (next.js: 6ms, application-code: 133ms)
 POST /api/p2p/bot/cycle 200 in 27.6s (next.js: 3ms, application-code: 27.6s)
 GET /api/p2p/bot/config 200 in 155ms (next.js: 15ms, application-code: 140ms)
 GET /api/p2p/bot/logs?limit=30&exchange=binance 200 in 286ms (next.js: 22ms, application-code: 264ms)
 GET /api/p2p/bot/exchange-config?_=yqasjv9y29 200 in 903ms (next.js: 3ms, application-code: 899ms)
 GET /api/p2p/capacity 200 in 270ms (next.js: 5ms, application-code: 265ms)
 GET /api/binance/credentials 200 in 141ms (next.js: 3ms, application-code: 138ms)
 GET /api/p2p/bot/orders?limit=20&live=true&exchange=binance 200 in 1324ms (next.js: 1418µs, application-code: 1322ms)
 GET /api/p2p/bot/ads?exchange=binance 200 in 620ms (next.js: 1724µs, application-code: 618ms)
 GET /api/binance/p2p-history 200 in 4.4s (next.js: 3ms, application-code: 4.4s)
 GET /api/p2p/initial-capital 200 in 132ms (next.js: 5ms, application-code: 127ms)
 GET /api/binance/p2p-history 200 in 6.7s (next.js: 6ms, application-code: 6.7s)
 GET /api/p2p/initial-capital 200 in 162ms (next.js: 11ms, application-code: 151ms)
 GET /api/p2p/capacity 200 in 263ms (next.js: 1887µs, application-code: 261ms)
 POST /api/p2p/bot/cycle 200 in 31.6s (next.js: 4ms, application-code: 31.6s)
 GET /api/p2p/bot/config 200 in 133ms (next.js: 3ms, application-code: 130ms)
 GET /api/p2p/bot/exchange-config?_=rfo6xifi89 200 in 919ms (next.js: 5ms, application-code: 914ms)
 GET /api/p2p/bot/logs?limit=30&exchange=binance 200 in 931ms (next.js: 5ms, application-code: 925ms)
 GET /api/binance/credentials 200 in 142ms (next.js: 10ms, application-code: 131ms)
 GET /api/p2p/bot/orders?limit=20&live=true&exchange=binance 200 in 1316ms (next.js: 8ms, application-code: 1308ms)
 GET /api/binance/p2p-history 200 in 4.6s (next.js: 3ms, application-code: 4.6s)
 GET /api/p2p/bot/ads?exchange=binance 200 in 611ms (next.js: 2ms, application-code: 609ms)
 GET /api/p2p/initial-capital 200 in 133ms (next.js: 2ms, application-code: 131ms)
 GET /api/binance/p2p-history 200 in 5.2s (next.js: 7ms, application-code: 5.1s)
 GET /api/p2p/initial-capital 200 in 137ms (next.js: 5ms, application-code: 132ms)
 GET /api/p2p/capacity 200 in 1374ms (next.js: 5ms, application-code: 1369ms)
 POST /api/p2p/bot/cycle 200 in 29.6s (next.js: 3ms, application-code: 29.6s)
 GET /api/p2p/bot/config 200 in 146ms (next.js: 5ms, application-code: 141ms)
 GET /api/p2p/bot/logs?limit=30&exchange=binance 200 in 148ms (next.js: 11ms, application-code: 137ms)
 GET /api/binance/p2p-history 200 in 5.7s (next.js: 12ms, application-code: 5.7s)
 GET /api/p2p/bot/exchange-config?_=01qxep185hzr 200 in 1158ms (next.js: 4ms, application-code: 1154ms)
 GET /api/p2p/initial-capital 200 in 174ms (next.js: 4ms, application-code: 170ms)
 GET /api/binance/credentials 200 in 133ms (next.js: 1872µs, application-code: 131ms)
 GET /api/p2p/bot/orders?limit=20&live=true&exchange=binance 200 in 1551ms (next.js: 2ms, application-code: 1548ms)
 GET /api/p2p/bot/ads?exchange=binance 200 in 716ms (next.js: 1271µs, application-code: 714ms)
 GET /api/binance/p2p-history 200 in 6.2s (next.js: 7ms, application-code: 6.2s)
 GET /api/p2p/initial-capital 200 in 157ms (next.js: 4ms, application-code: 153ms)
 GET /api/p2p/capacity 200 in 1047ms (next.js: 3ms, application-code: 1044ms)
 GET /api/binance/p2p-history 200 in 4.5s (next.js: 5ms, application-code: 4.5s)
 GET /api/p2p/initial-capital 200 in 131ms (next.js: 1626µs, application-code: 129ms)
 POST /api/p2p/bot/cycle 200 in 31.9s (next.js: 6ms, application-code: 31.9s)
 GET /api/p2p/bot/config 200 in 139ms (next.js: 3ms, application-code: 136ms)
 GET /api/p2p/bot/logs?limit=30&exchange=binance 200 in 142ms (next.js: 7ms, application-code: 135ms)
 GET /api/p2p/bot/orders?limit=20&live=true&exchange=binance 200 in 525ms (next.js: 12ms, application-code: 513ms)
 GET /api/p2p/bot/exchange-config?_=dnzjq1u4sk4 200 in 902ms (next.js: 4ms, application-code: 898ms)
 GET /api/binance/credentials 200 in 131ms (next.js: 1731µs, application-code: 129ms)
 GET /api/p2p/bot/ads?exchange=binance 200 in 608ms (next.js: 1941µs, application-code: 606ms)
 GET /api/binance/p2p-history 200 in 4.5s (next.js: 2ms, application-code: 4.5s)
 GET /api/p2p/initial-capital 200 in 141ms (next.js: 7ms, application-code: 134ms)
 GET /api/p2p/capacity 200 in 1058ms (next.js: 38ms, application-code: 1020ms)
 GET /api/binance/p2p-history 200 in 5.2s (next.js: 23ms, application-code: 5.2s)
 GET /api/p2p/initial-capital 200 in 131ms (next.js: 1848µs, application-code: 129ms)
 POST /api/p2p/bot/cycle 200 in 28.1s (next.js: 2ms, application-code: 28.1s)
 GET /api/p2p/bot/config 200 in 141ms (next.js: 5ms, application-code: 137ms)
 GET /api/p2p/bot/logs?limit=30&exchange=binance 200 in 156ms (next.js: 9ms, application-code: 147ms)
 GET /api/p2p/bot/orders?limit=20&live=true&exchange=binance 200 in 536ms (next.js: 17ms, application-code: 519ms)
 GET /api/p2p/bot/exchange-config?_=v3z0jqrm5nf 200 in 901ms (next.js: 7ms, application-code: 894ms)
 GET /api/binance/credentials 200 in 132ms (next.js: 4ms, application-code: 128ms)
 GET /api/p2p/bot/ads?exchange=binance 200 in 614ms (next.js: 3ms, application-code: 612ms)
 GET /api/binance/p2p-history 200 in 4.4s (next.js: 18ms, application-code: 4.4s)
 GET /api/p2p/initial-capital 200 in 135ms (next.js: 4ms, application-code: 132ms)
 GET /api/p2p/capacity 200 in 1048ms (next.js: 12ms, application-code: 1036ms)
 GET /api/binance/p2p-history 200 in 5.2s (next.js: 14ms, application-code: 5.2s)
 GET /api/p2p/initial-capital 200 in 132ms (next.js: 3ms, application-code: 129ms)
 POST /api/p2p/bot/cycle 200 in 28.8s (next.js: 5ms, application-code: 28.8s)
 GET /api/p2p/bot/config 200 in 148ms (next.js: 4ms, application-code: 144ms)
 GET /api/p2p/bot/logs?limit=30&exchange=binance 200 in 270ms (next.js: 15ms, application-code: 254ms)
 GET /api/p2p/bot/orders?limit=20&live=true&exchange=binance 200 in 505ms (next.js: 1852µs, application-code: 503ms)
 GET /api/p2p/bot/exchange-config?_=bjaay6e5c6s 200 in 899ms (next.js: 3ms, application-code: 896ms)
 GET /api/binance/credentials 200 in 135ms (next.js: 3ms, application-code: 132ms)
 GET /api/p2p/bot/ads?exchange=binance 200 in 612ms (next.js: 2ms, application-code: 609ms)
 GET /api/binance/p2p-history 200 in 4.4s (next.js: 7ms, application-code: 4.4s)
 GET /api/p2p/initial-capital 200 in 134ms (next.js: 4ms, application-code: 131ms)
 POST /api/p2p/bot/cycle 200 in 28.9s (next.js: 4ms, application-code: 28.9s)
 GET /api/p2p/bot/config 200 in 132ms (next.js: 4ms, application-code: 128ms)
 GET /api/p2p/bot/logs?limit=30&exchange=binance 200 in 263ms (next.js: 9ms, application-code: 254ms)
 GET /api/p2p/bot/exchange-config?_=oupclc33c6o 200 in 1028ms (next.js: 3ms, application-code: 1024ms)
 GET /api/binance/credentials 200 in 133ms (next.js: 4ms, application-code: 129ms)
 GET /api/p2p/bot/orders?limit=20&live=true&exchange=binance 200 in 1418ms (next.js: 5ms, application-code: 1412ms)
 GET /api/p2p/bot/ads?exchange=binance 200 in 608ms (next.js: 1897µs, application-code: 606ms)
 POST /api/p2p/bot/cycle 200 in 28.1s (next.js: 7ms, application-code: 28.1s)
 GET /api/p2p/bot/config 200 in 147ms (next.js: 8ms, application-code: 139ms)
 GET /api/p2p/bot/logs?limit=30&exchange=binance 200 in 969ms (next.js: 2ms, application-code: 966ms)
 GET /api/p2p/bot/exchange-config?_=50hb9f5mc83 200 in 964ms (next.js: 4ms, application-code: 959ms)
 GET /api/binance/credentials 200 in 133ms (next.js: 3ms, application-code: 130ms)
 GET /api/p2p/bot/orders?limit=20&live=true&exchange=binance 200 in 1347ms (next.js: 9ms, application-code: 1338ms)
 GET /api/p2p/bot/ads?exchange=binance 200 in 602ms (next.js: 1736µs, application-code: 600ms)
 GET /api/p2p/capacity 200 in 1031ms (next.js: 18ms, application-code: 1013ms)
 GET /api/binance/p2p-history 200 in 5.2s (next.js: 9ms, application-code: 5.2s)
 GET /api/p2p/initial-capital 200 in 133ms (next.js: 4ms, application-code: 129ms)
 POST /api/p2p/bot/cycle 200 in 28.2s (next.js: 1586µs, application-code: 28.2s)
 GET /api/p2p/bot/config 200 in 144ms (next.js: 8ms, application-code: 136ms)
 GET /api/p2p/bot/logs?limit=30&exchange=binance 200 in 273ms (next.js: 18ms, application-code: 255ms)
 GET /api/p2p/bot/exchange-config?_=ne88v3l1ba7 200 in 909ms (next.js: 5ms, application-code: 904ms)
 GET /api/binance/credentials 200 in 136ms (next.js: 4ms, application-code: 132ms)
 GET /api/p2p/bot/orders?limit=20&live=true&exchange=binance 200 in 1279ms (next.js: 9ms, application-code: 1270ms)
 GET /api/p2p/bot/ads?exchange=binance 200 in 599ms (next.js: 1250µs, application-code: 598ms)
 POST /api/p2p/bot/cycle 200 in 28.8s (next.js: 3ms, application-code: 28.8s)
 GET /api/p2p/bot/config 200 in 142ms (next.js: 6ms, application-code: 136ms)
 GET /api/p2p/bot/exchange-config?_=4v89t9yhmfy 200 in 904ms (next.js: 6ms, application-code: 899ms)
 GET /api/p2p/bot/logs?limit=30&exchange=binance 200 in 917ms (next.js: 7ms, application-code: 910ms)
 GET /api/binance/credentials 200 in 143ms (next.js: 7ms, application-code: 136ms)
 GET /api/p2p/bot/orders?limit=20&live=true&exchange=binance 200 in 1279ms (next.js: 6ms, application-code: 1273ms)
 GET /api/p2p/bot/ads?exchange=binance 200 in 604ms (next.js: 4ms, application-code: 600ms)
 GET /api/p2p/capacity 200 in 1058ms (next.js: 22ms, application-code: 1036ms)
 GET /api/binance/p2p-history 200 in 5.2s (next.js: 12ms, application-code: 5.2s)
 GET /api/p2p/initial-capital 200 in 141ms (next.js: 6ms, application-code: 135ms)
 POST /api/p2p/bot/cycle 200 in 28.3s (next.js: 10ms, application-code: 28.2s)
 GET /api/p2p/bot/config 200 in 140ms (next.js: 6ms, application-code: 134ms)
 GET /api/p2p/bot/logs?limit=30&exchange=binance 200 in 911ms (next.js: 14ms, application-code: 897ms)
 GET /api/p2p/bot/exchange-config?_=t9v5a3ccz1 200 in 898ms (next.js: 9ms, application-code: 888ms)
 GET /api/binance/credentials 200 in 136ms (next.js: 6ms, application-code: 130ms)
 GET /api/p2p/bot/orders?limit=20&live=true&exchange=binance 200 in 1289ms (next.js: 7ms, application-code: 1282ms)
 GET /api/p2p/bot/ads?exchange=binance 200 in 628ms (next.js: 3ms, application-code: 625ms)
 POST /api/p2p/bot/cycle 200 in 28.3s (next.js: 3ms, application-code: 28.3s)
 GET /api/p2p/bot/config 200 in 136ms (next.js: 5ms, application-code: 130ms)
 GET /api/p2p/bot/logs?limit=30&exchange=binance 200 in 900ms (next.js: 11ms, application-code: 889ms)
 GET /api/p2p/bot/exchange-config?_=pc3pgtukal 200 in 901ms (next.js: 6ms, application-code: 895ms)
 GET /api/binance/credentials 200 in 137ms (next.js: 3ms, application-code: 134ms)
 GET /api/p2p/bot/orders?limit=20&live=true&exchange=binance 200 in 1285ms (next.js: 7ms, application-code: 1278ms)
 GET /api/p2p/bot/ads?exchange=binance 200 in 608ms (next.js: 3ms, application-code: 605ms)
 GET /api/p2p/capacity 200 in 1041ms (next.js: 17ms, application-code: 1023ms)
 GET /api/binance/p2p-history 200 in 4.4s (next.js: 10ms, application-code: 4.4s)
 GET /api/p2p/initial-capital 200 in 140ms (next.js: 7ms, application-code: 133ms)
 POST /api/p2p/bot/cycle 200 in 29.4s (next.js: 5ms, application-code: 29.4s)
 GET /api/p2p/bot/config 200 in 143ms (next.js: 8ms, application-code: 135ms)
 GET /api/p2p/bot/logs?limit=30&exchange=binance 200 in 922ms (next.js: 16ms, application-code: 907ms)
 GET /api/p2p/bot/exchange-config?_=i2vthjwjhu8 200 in 906ms (next.js: 7ms, application-code: 899ms)
 GET /api/binance/credentials 200 in 143ms (next.js: 2ms, application-code: 140ms)
 GET /api/p2p/bot/orders?limit=20&live=true&exchange=binance 200 in 1285ms (next.js: 5ms, application-code: 1280ms)
 GET /api/p2p/bot/ads?exchange=binance 200 in 599ms (next.js: 3ms, application-code: 596ms)
 POST /api/p2p/bot/cycle 200 in 28.1s (next.js: 3ms, application-code: 28.1s)
 GET /api/p2p/bot/config 200 in 144ms (next.js: 8ms, application-code: 136ms)
 GET /api/p2p/bot/exchange-config?_=784qymfg3lj 200 in 928ms (next.js: 5ms, application-code: 923ms)
 GET /api/p2p/bot/logs?limit=30&exchange=binance 200 in 952ms (next.js: 17ms, application-code: 935ms)
 GET /api/binance/credentials 200 in 139ms (next.js: 4ms, application-code: 135ms)
 GET /api/p2p/bot/ads?exchange=binance 200 in 635ms (next.js: 3ms, application-code: 632ms)
 GET /api/p2p/bot/orders?limit=20&live=true&exchange=binance 200 in 1910ms (next.js: 6ms, application-code: 1904ms)
 GET /api/p2p/capacity 200 in 260ms (next.js: 5ms, application-code: 255ms)
 GET /api/binance/p2p-history 200 in 4.4s (next.js: 5ms, application-code: 4.4s)
 GET /api/p2p/initial-capital 200 in 136ms (next.js: 4ms, application-code: 132ms)
 POST /api/p2p/bot/cycle 200 in 28.8s (next.js: 5ms, application-code: 28.8s)
 GET /api/p2p/bot/config 200 in 145ms (next.js: 9ms, application-code: 136ms)
 GET /api/p2p/bot/exchange-config?_=by4pyq93spp 200 in 903ms (next.js: 7ms, application-code: 896ms)
 GET /api/p2p/bot/logs?limit=30&exchange=binance 200 in 916ms (next.js: 5ms, application-code: 910ms)
 GET /api/binance/credentials 200 in 131ms (next.js: 2ms, application-code: 129ms)
 GET /api/p2p/bot/orders?limit=20&live=true&exchange=binance 200 in 1298ms (next.js: 11ms, application-code: 1287ms)
 GET /api/p2p/bot/ads?exchange=binance 200 in 599ms (next.js: 1832µs, application-code: 597ms)
 POST /api/p2p/bot/cycle 200 in 28.6s (next.js: 4ms, application-code: 28.6s)
 GET /api/p2p/bot/config 200 in 136ms (next.js: 5ms, application-code: 131ms)
 GET /api/p2p/bot/logs?limit=30&exchange=binance 200 in 925ms (next.js: 13ms, application-code: 912ms)
 GET /api/p2p/bot/exchange-config?_=mcwgngwzxek 200 in 911ms (next.js: 9ms, application-code: 902ms)
 GET /api/binance/credentials 200 in 131ms (next.js: 2ms, application-code: 129ms)
 GET /api/p2p/bot/orders?limit=20&live=true&exchange=binance 200 in 1294ms (next.js: 5ms, application-code: 1289ms)
 GET /api/p2p/bot/ads?exchange=binance 200 in 608ms (next.js: 4ms, application-code: 604ms)
 GET /api/p2p/capacity 200 in 296ms (next.js: 33ms, application-code: 263ms)
 GET /api/binance/p2p-history 200 in 4.4s (next.js: 24ms, application-code: 4.4s)
 GET /api/p2p/initial-capital 200 in 137ms (next.js: 6ms, application-code: 131ms)
 POST /api/p2p/bot/cycle 200 in 28.1s (next.js: 2ms, application-code: 28.1s)
 GET /api/p2p/bot/logs?limit=30&exchange=binance 200 in 164ms (next.js: 25ms, application-code: 139ms)
 GET /api/p2p/bot/exchange-config?_=7i7hqhviv8 200 in 948ms (next.js: 5ms, application-code: 943ms)
 GET /api/p2p/bot/config 200 in 993ms (next.js: 40ms, application-code: 953ms)
 GET /api/binance/credentials 200 in 135ms (next.js: 3ms, application-code: 132ms)
 GET /api/p2p/bot/orders?limit=20&live=true&exchange=binance 200 in 1353ms (next.js: 27ms, application-code: 1326ms)
 GET /api/p2p/bot/ads?exchange=binance 200 in 605ms (next.js: 4ms, application-code: 602ms)
 POST /api/p2p/bot/cycle 200 in 28.2s (next.js: 4ms, application-code: 28.2s)
 GET /api/p2p/bot/config 200 in 154ms (next.js: 20ms, application-code: 134ms)
 GET /api/p2p/bot/logs?limit=30&exchange=binance 200 in 914ms (next.js: 9ms, application-code: 905ms)
 GET /api/p2p/bot/exchange-config?_=x81b4fn6o7 200 in 920ms (next.js: 11ms, application-code: 909ms)
 GET /api/binance/credentials 200 in 132ms (next.js: 3ms, application-code: 129ms)
 GET /api/p2p/bot/orders?limit=20&live=true&exchange=binance 200 in 1303ms (next.js: 3ms, application-code: 1300ms)
 GET /api/p2p/bot/ads?exchange=binance 200 in 599ms (next.js: 2ms, application-code: 597ms)
 GET /api/p2p/capacity 200 in 265ms (next.js: 9ms, application-code: 256ms)
 GET /api/binance/p2p-history 200 in 4.4s (next.js: 3ms, application-code: 4.4s)
 GET /api/p2p/initial-capital 200 in 137ms (next.js: 6ms, application-code: 131ms)
 POST /api/p2p/bot/cycle 200 in 28.0s (next.js: 8ms, application-code: 28.0s)
 GET /api/p2p/bot/config 200 in 139ms (next.js: 8ms, application-code: 131ms)
 GET /api/p2p/bot/exchange-config?_=u9s0zh96j89 200 in 950ms (next.js: 3ms, application-code: 947ms)
 GET /api/p2p/bot/logs?limit=30&exchange=binance 200 in 955ms (next.js: 1569µs, application-code: 954ms)
 GET /api/binance/credentials 200 in 135ms (next.js: 5ms, application-code: 130ms)
 GET /api/p2p/bot/orders?limit=20&live=true&exchange=binance 200 in 1331ms (next.js: 3ms, application-code: 1328ms)
 GET /api/p2p/bot/ads?exchange=binance 200 in 604ms (next.js: 1741µs, application-code: 602ms)
 GET /api/p2p/capacity 200 in 1044ms (next.js: 7ms, application-code: 1037ms)
 GET /api/operations 200 in 1889ms (next.js: 27ms, application-code: 1862ms)
 GET /api/operations 200 in 263ms (next.js: 2ms, application-code: 261ms)
 GET /api/p2p/bot/config 200 in 140ms (next.js: 6ms, application-code: 135ms)
 GET /api/p2p/bot/exchange-config?_=fchj4or7bj 200 in 143ms (next.js: 3ms, application-code: 141ms)
 GET /api/binance/credentials 200 in 134ms (next.js: 3ms, application-code: 131ms)
 GET /api/p2p/bot/config 200 in 133ms (next.js: 1343µs, application-code: 131ms)
 GET /api/p2p/bot/orders?limit=20&live=true&exchange=binance 200 in 554ms (next.js: 8ms, application-code: 546ms)
 GET /api/p2p/bot/orders?limit=20&live=true&exchange=binance 200 in 6ms (next.js: 1137µs, application-code: 5ms)
 GET /api/p2p/bot/exchange-config?_=ko78j781r5n 200 in 133ms (next.js: 1814µs, application-code: 131ms)
 GET /api/binance/credentials 200 in 131ms (next.js: 1171µs, application-code: 130ms)
 GET /api/p2p/bot/ads?exchange=binance 200 in 622ms (next.js: 3ms, application-code: 620ms)
 GET /api/p2p/bot/logs?limit=30&exchange=binance 200 in 933ms (next.js: 19ms, application-code: 915ms)
 GET /api/p2p/bot/logs?limit=30&exchange=binance 200 in 259ms (next.js: 1644µs, application-code: 258ms)
 GET /api/p2p/bot/ads?exchange=binance 200 in 598ms (next.js: 1897µs, application-code: 597ms)
 GET /api/p2p/bot/orders?limit=20&live=true&exchange=binance 200 in 20ms (next.js: 12ms, application-code: 8ms)
 GET /api/p2p/bot/config 200 in 142ms (next.js: 4ms, application-code: 139ms)
 GET /api/p2p/bot/logs?limit=30&exchange=binance 200 in 145ms (next.js: 8ms, application-code: 137ms)
 GET /api/p2p/bot/exchange-config?_=llttrigsxp 200 in 131ms (next.js: 1461µs, application-code: 130ms)
 GET /api/binance/credentials 200 in 131ms (next.js: 1949µs, application-code: 129ms)
 GET /api/p2p/bot/ads?exchange=binance 200 in 603ms (next.js: 3ms, application-code: 600ms)
 GET /api/p2p/bot/ads?exchange=binance 200 in 602ms (next.js: 3ms, application-code: 599ms)
 GET /api/binance/p2p-history 200 in 5.3s (next.js: 46ms, application-code: 5.2s)
 GET /api/p2p/initial-capital 200 in 131ms (next.js: 2ms, application-code: 129ms)
 GET /api/p2p/bot/ads?exchange=binance 200 in 603ms (next.js: 1833µs, application-code: 601ms)
 POST /api/p2p/bot/cycle 200 in 28.0s (next.js: 6ms, application-code: 28.0s)
 GET /api/p2p/bot/config 200 in 145ms (next.js: 6ms, application-code: 138ms)
 GET /api/p2p/bot/exchange-config?_=ftf9wvqzjm 200 in 147ms (next.js: 15ms, application-code: 132ms)
 GET /api/p2p/bot/logs?limit=30&exchange=binance 200 in 269ms (next.js: 9ms, application-code: 260ms)
 GET /api/binance/credentials 200 in 134ms (next.js: 2ms, application-code: 132ms)
 GET /api/p2p/bot/orders?limit=20&live=true&exchange=binance 200 in 531ms (next.js: 13ms, application-code: 518ms)
 GET /api/p2p/bot/ads?exchange=binance 200 in 602ms (next.js: 2ms, application-code: 600ms)
 GET /api/binance/p2p-history 200 in 4.4s (next.js: 1905µs, application-code: 4.4s)
 GET /api/p2p/initial-capital 200 in 130ms (next.js: 1349µs, application-code: 129ms)
 GET /api/p2p/capacity 200 in 259ms (next.js: 2ms, application-code: 256ms)
 GET /api/binance/p2p-history 200 in 4.4s (next.js: 10ms, application-code: 4.3s)
 GET /api/p2p/initial-capital 200 in 141ms (next.js: 4ms, application-code: 136ms)
 GET /api/binance/p2p-history 200 in 5.3s (next.js: 8ms, application-code: 5.2s)
 GET /api/p2p/initial-capital 200 in 140ms (next.js: 3ms, application-code: 137ms)
 POST /api/p2p/bot/cycle 200 in 28.8s (next.js: 1763µs, application-code: 28.8s)
 GET /api/p2p/bot/config 200 in 149ms (next.js: 13ms, application-code: 136ms)
 GET /api/p2p/bot/logs?limit=30&exchange=binance 200 in 274ms (next.js: 18ms, application-code: 256ms)
 GET /api/p2p/bot/exchange-config?_=mn6dc0ootnb 200 in 916ms (next.js: 4ms, application-code: 912ms)
 GET /api/binance/credentials 200 in 137ms (next.js: 4ms, application-code: 134ms)
 GET /api/p2p/bot/orders?limit=20&live=true&exchange=binance 200 in 1287ms (next.js: 1699µs, application-code: 1285ms)
 GET /api/p2p/bot/ads?exchange=binance 200 in 604ms (next.js: 5ms, application-code: 600ms)
 GET /api/p2p/capacity 200 in 257ms (next.js: 3ms, application-code: 254ms)
 GET /api/binance/p2p-history 200 in 4.4s (next.js: 1678µs, application-code: 4.4s)
 GET /api/p2p/initial-capital 200 in 130ms (next.js: 2ms, application-code: 128ms)
 GET /api/binance/p2p-history 200 in 5.3s (next.js: 15ms, application-code: 5.3s)
 GET /api/p2p/initial-capital 200 in 142ms (next.js: 7ms, application-code: 136ms)
 POST /api/p2p/bot/cycle 200 in 28.6s (next.js: 4ms, application-code: 28.6s)
 GET /api/p2p/bot/config 200 in 142ms (next.js: 5ms, application-code: 138ms)
 GET /api/p2p/bot/logs?limit=30&exchange=binance 200 in 147ms (next.js: 12ms, application-code: 135ms)
 GET /api/p2p/bot/exchange-config?_=ppx6jhb4gfs 200 in 894ms (next.js: 7ms, application-code: 887ms)
 GET /api/binance/credentials 200 in 140ms (next.js: 5ms, application-code: 135ms)
 GET /api/p2p/bot/orders?limit=20&live=true&exchange=binance 200 in 1294ms (next.js: 16ms, application-code: 1278ms)
 GET /api/p2p/bot/ads?exchange=binance 200 in 600ms (next.js: 1979µs, application-code: 598ms)
 GET /api/p2p/capacity 200 in 255ms (next.js: 1957µs, application-code: 253ms)
 GET /api/binance/p2p-history 200 in 4.4s (next.js: 2ms, application-code: 4.4s)
 GET /api/p2p/initial-capital 200 in 138ms (next.js: 7ms, application-code: 131ms)
 GET /api/binance/p2p-history 200 in 5.1s (next.js: 7ms, application-code: 5.1s)
 GET /api/p2p/initial-capital 200 in 138ms (next.js: 5ms, application-code: 133ms)
 POST /api/p2p/bot/cycle 200 in 28.2s (next.js: 4ms, application-code: 28.2s)
 GET /api/p2p/bot/config 200 in 135ms (next.js: 3ms, application-code: 132ms)
 GET /api/p2p/bot/logs?limit=30&exchange=binance 200 in 263ms (next.js: 6ms, application-code: 257ms)
 GET /api/p2p/bot/exchange-config?_=12kpbpxkn8gb 200 in 903ms (next.js: 12ms, application-code: 891ms)
 GET /api/binance/credentials 200 in 132ms (next.js: 2ms, application-code: 130ms)
 GET /api/p2p/bot/orders?limit=20&live=true&exchange=binance 200 in 1292ms (next.js: 9ms, application-code: 1283ms)
 GET /api/p2p/bot/ads?exchange=binance 200 in 603ms (next.js: 1327µs, application-code: 601ms)
 GET /api/p2p/capacity 200 in 136ms (next.js: 2ms, application-code: 134ms)
 GET /api/binance/p2p-history 200 in 4.4s (next.js: 1778µs, application-code: 4.4s)
 GET /api/p2p/initial-capital 200 in 131ms (next.js: 3ms, application-code: 129ms)
 GET /api/operations 200 in 1203ms (next.js: 25ms, application-code: 1178ms)
 GET /api/binance/p2p-history 200 in 4.4s (next.js: 5ms, application-code: 4.4s)
 GET /api/p2p/initial-capital 200 in 130ms (next.js: 1531µs, application-code: 128ms)
 POST /api/p2p/bot/cycle 200 in 28.8s (next.js: 1884µs, application-code: 28.8s)
 GET /api/p2p/bot/config 200 in 138ms (next.js: 6ms, application-code: 132ms)
 GET /api/p2p/bot/logs?limit=30&exchange=binance 200 in 261ms (next.js: 4ms, application-code: 257ms)
 GET /api/p2p/bot/exchange-config?_=lxzalylryq 200 in 907ms (next.js: 4ms, application-code: 903ms)
 GET /api/binance/credentials 200 in 132ms (next.js: 3ms, application-code: 129ms)
 GET /api/p2p/bot/orders?limit=20&live=true&exchange=binance 200 in 1290ms (next.js: 6ms, application-code: 1285ms)
 GET /api/p2p/bot/ads?exchange=binance 200 in 607ms (next.js: 3ms, application-code: 604ms)
 GET /api/p2p/capacity 200 in 262ms (next.js: 3ms, application-code: 259ms)
 GET /api/binance/p2p-history 200 in 4.5s (next.js: 7ms, application-code: 4.4s)
 GET /api/p2p/initial-capital 200 in 130ms (next.js: 1891µs, application-code: 128ms)
 GET /api/binance/p2p-history 200 in 4.4s (next.js: 6ms, application-code: 4.4s)
 GET /api/p2p/initial-capital 200 in 131ms (next.js: 2ms, application-code: 129ms)
 POST /api/p2p/bot/cycle 200 in 29.1s (next.js: 4ms, application-code: 29.1s)
 GET /api/p2p/bot/config 200 in 143ms (next.js: 10ms, application-code: 133ms)
 GET /api/p2p/bot/orders?limit=20&live=true&exchange=binance 200 in 499ms (next.js: 4ms, application-code: 495ms)
 GET /api/p2p/bot/logs?limit=30&exchange=binance 200 in 922ms (next.js: 10ms, application-code: 912ms)
 GET /api/p2p/bot/exchange-config?_=dcpp79uytic 200 in 920ms (next.js: 9ms, application-code: 911ms)
 GET /api/binance/credentials 200 in 133ms (next.js: 3ms, application-code: 130ms)
 GET /api/p2p/bot/ads?exchange=binance 200 in 695ms (next.js: 2ms, application-code: 693ms)
 GET /api/p2p/capacity 200 in 256ms (next.js: 1614µs, application-code: 254ms)
 GET /api/operations 200 in 1028ms (next.js: 4ms, application-code: 1025ms)
 GET /api/binance/p2p-history 200 in 4.3s (next.js: 1867µs, application-code: 4.3s)
 GET /api/p2p/initial-capital 200 in 132ms (next.js: 3ms, application-code: 129ms)
 GET /api/operations 200 in 1181ms (next.js: 7ms, application-code: 1174ms)
 GET /api/binance/p2p-history 200 in 4.3s (next.js: 2ms, application-code: 4.3s)
 GET /api/p2p/initial-capital 200 in 139ms (next.js: 5ms, application-code: 134ms)
 POST /api/p2p/bot/cycle 200 in 28.4s (next.js: 3ms, application-code: 28.4s)
 GET /api/p2p/bot/config 200 in 133ms (next.js: 2ms, application-code: 131ms)
 GET /api/p2p/bot/logs?limit=30&exchange=binance 200 in 258ms (next.js: 4ms, application-code: 253ms)
 GET /api/p2p/bot/exchange-config?_=52pjx3sa45t 200 in 898ms (next.js: 2ms, application-code: 896ms)
 GET /api/binance/credentials 200 in 136ms (next.js: 3ms, application-code: 133ms)
 GET /api/p2p/bot/orders?limit=20&live=true&exchange=binance 200 in 1270ms (next.js: 1179µs, application-code: 1269ms)
 GET /api/p2p/bot/ads?exchange=binance 200 in 623ms (next.js: 1205µs, application-code: 622ms)
 GET /api/p2p/capacity 200 in 270ms (next.js: 3ms, application-code: 267ms)
 GET /api/operations 200 in 1030ms (next.js: 2ms, application-code: 1028ms)
 GET /api/binance/p2p-history 200 in 4.4s (next.js: 4ms, application-code: 4.4s)
 GET /api/p2p/initial-capital 200 in 138ms (next.js: 4ms, application-code: 134ms)
 GET /api/binance/p2p-history 200 in 4.4s (next.js: 17ms, application-code: 4.4s)
 GET /api/p2p/initial-capital 200 in 135ms (next.js: 3ms, application-code: 132ms)
 POST /api/p2p/bot/cycle 200 in 29.2s (next.js: 7ms, application-code: 29.2s)
 GET /api/p2p/bot/config 200 in 137ms (next.js: 3ms, application-code: 134ms)
 GET /api/p2p/bot/logs?limit=30&exchange=binance 200 in 140ms (next.js: 7ms, application-code: 133ms)
 GET /api/p2p/bot/exchange-config?_=96jq53ewzd6 200 in 900ms (next.js: 6ms, application-code: 894ms)
 GET /api/binance/credentials 200 in 134ms (next.js: 3ms, application-code: 131ms)
 GET /api/p2p/bot/orders?limit=20&live=true&exchange=binance 200 in 1283ms (next.js: 12ms, application-code: 1271ms)
 GET /api/p2p/bot/ads?exchange=binance 200 in 600ms (next.js: 4ms, application-code: 596ms)
 GET /api/p2p/capacity 200 in 262ms (next.js: 8ms, application-code: 254ms)
 GET /api/binance/p2p-history 200 in 4.3s (next.js: 3ms, application-code: 4.3s)
 GET /api/p2p/initial-capital 200 in 134ms (next.js: 3ms, application-code: 131ms)
 GET /api/binance/p2p-history 200 in 5.1s (next.js: 5ms, application-code: 5.1s)
 GET /api/p2p/initial-capital 200 in 135ms (next.js: 2ms, application-code: 133ms)
 POST /api/p2p/bot/cycle 200 in 28.4s (next.js: 5ms, application-code: 28.4s)
 GET /api/p2p/bot/config 200 in 143ms (next.js: 14ms, application-code: 129ms)
 GET /api/p2p/bot/logs?limit=30&exchange=binance 200 in 142ms (next.js: 7ms, application-code: 136ms)
 GET /api/p2p/capacity 200 in 265ms (next.js: 4ms, application-code: 261ms)
 GET /api/p2p/bot/exchange-config?_=4f52xvdiz0q 200 in 910ms (next.js: 3ms, application-code: 906ms)
 GET /api/binance/credentials 200 in 129ms (next.js: 1692µs, application-code: 127ms)
 GET /api/p2p/bot/orders?limit=20&live=true&exchange=binance 200 in 1333ms (next.js: 13ms, application-code: 1320ms)
 GET /api/p2p/bot/ads?exchange=binance 200 in 595ms (next.js: 1617µs, application-code: 594ms)
 GET /api/binance/p2p-history 200 in 4.3s (next.js: 9ms, application-code: 4.3s)
 GET /api/p2p/initial-capital 200 in 133ms (next.js: 3ms, application-code: 130ms)
 POST /api/p2p/bot/cycle 200 in 28.7s (next.js: 4ms, application-code: 28.7s)
 GET /api/p2p/bot/config 200 in 132ms (next.js: 3ms, application-code: 129ms)
 GET /api/p2p/bot/exchange-config?_=3niloqlanj8 200 in 895ms (next.js: 3ms, application-code: 892ms)
 GET /api/p2p/bot/logs?limit=30&exchange=binance 200 in 906ms (next.js: 9ms, application-code: 897ms)
 GET /api/binance/credentials 200 in 130ms (next.js: 1959µs, application-code: 128ms)
 GET /api/p2p/bot/orders?limit=20&live=true&exchange=binance 200 in 1288ms (next.js: 2ms, application-code: 1286ms)
 GET /api/p2p/bot/ads?exchange=binance 200 in 600ms (next.js: 2ms, application-code: 597ms)
 GET /api/p2p/capacity 200 in 1148ms (next.js: 49ms, application-code: 1100ms)
 POST /api/p2p/bot/cycle 200 in 28.3s (next.js: 1847µs, application-code: 28.3s)
 GET /api/binance/p2p-history 200 in 5.3s (next.js: 19ms, application-code: 5.3s)
 GET /api/p2p/bot/config 200 in 162ms (next.js: 9ms, application-code: 154ms)
 GET /api/p2p/bot/logs?limit=30&exchange=binance 200 in 162ms (next.js: 14ms, application-code: 147ms)
 GET /api/p2p/initial-capital 200 in 130ms (next.js: 3ms, application-code: 127ms)
 GET /api/p2p/bot/exchange-config?_=aj8ikx7uql8 200 in 910ms (next.js: 5ms, application-code: 905ms)
 GET /api/binance/credentials 200 in 147ms (next.js: 3ms, application-code: 144ms)
 GET /api/p2p/bot/orders?limit=20&live=true&exchange=binance 200 in 1293ms (next.js: 2ms, application-code: 1291ms)
 GET /api/p2p/bot/ads?exchange=binance 200 in 603ms (next.js: 3ms, application-code: 600ms)
 POST /api/p2p/bot/cycle 200 in 28.3s (next.js: 6ms, application-code: 28.3s)
 GET /api/p2p/bot/exchange-config?_=u0041rvcsa 200 in 160ms (next.js: 16ms, application-code: 144ms)
 GET /api/binance/credentials 200 in 134ms (next.js: 3ms, application-code: 131ms)
 GET /api/p2p/bot/ads?exchange=binance 200 in 599ms (next.js: 2ms, application-code: 597ms)
 GET /api/p2p/bot/logs?limit=30&exchange=binance 200 in 929ms (next.js: 33ms, application-code: 897ms)
 GET /api/p2p/bot/config 200 in 938ms (next.js: 41ms, application-code: 897ms)
 GET /api/p2p/bot/orders?limit=20&live=true&exchange=binance 200 in 1313ms (next.js: 27ms, application-code: 1285ms)
 GET /api/p2p/capacity 200 in 1047ms (next.js: 20ms, application-code: 1027ms)
 GET /api/binance/p2p-history 200 in 4.4s (next.js: 13ms, application-code: 4.4s)
 GET /api/p2p/initial-capital 200 in 135ms (next.js: 6ms, application-code: 129ms)
 POST /api/p2p/bot/cycle 200 in 29.5s (next.js: 3ms, application-code: 29.5s)
 GET /api/p2p/bot/config 200 in 138ms (next.js: 4ms, application-code: 134ms)
 GET /api/p2p/bot/logs?limit=30&exchange=binance 200 in 265ms (next.js: 8ms, application-code: 258ms)
 GET /api/p2p/bot/orders?limit=20&live=true&exchange=binance 200 in 516ms (next.js: 16ms, application-code: 501ms)
 GET /api/p2p/bot/exchange-config?_=25k0a5gv26k 200 in 911ms (next.js: 6ms, application-code: 904ms)
 GET /api/binance/credentials 200 in 135ms (next.js: 3ms, application-code: 132ms)
 GET /api/p2p/bot/ads?exchange=binance 200 in 614ms (next.js: 4ms, application-code: 610ms)
 POST /api/p2p/bot/cycle 200 in 28.3s (next.js: 4ms, application-code: 28.3s)
 GET /api/p2p/bot/config 200 in 151ms (next.js: 9ms, application-code: 143ms)
 GET /api/p2p/bot/logs?limit=30&exchange=binance 200 in 979ms (next.js: 20ms, application-code: 959ms)
 GET /api/p2p/bot/exchange-config?_=l92c8rcovq 200 in 970ms (next.js: 10ms, application-code: 960ms)
 GET /api/binance/credentials 200 in 131ms (next.js: 4ms, application-code: 127ms)
 GET /api/p2p/bot/orders?limit=20&live=true&exchange=binance 200 in 1374ms (next.js: 15ms, application-code: 1359ms)
 GET /api/p2p/bot/ads?exchange=binance 200 in 608ms (next.js: 4ms, application-code: 604ms)
 GET /api/p2p/capacity 200 in 1036ms (next.js: 20ms, application-code: 1017ms)
 GET /api/binance/p2p-history 200 in 4.4s (next.js: 12ms, application-code: 4.3s)
 GET /api/p2p/initial-capital 200 in 133ms (next.js: 3ms, application-code: 130ms)
 POST /api/p2p/bot/cycle 200 in 28.9s (next.js: 3ms, application-code: 28.8s)
 GET /api/p2p/bot/config 200 in 144ms (next.js: 5ms, application-code: 138ms)
 GET /api/p2p/bot/logs?limit=30&exchange=binance 200 in 280ms (next.js: 20ms, application-code: 260ms)
 GET /api/p2p/bot/orders?limit=20&live=true&exchange=binance 200 in 526ms (next.js: 11ms, application-code: 515ms)
 GET /api/p2p/bot/exchange-config?_=ax75e6mw6xs 200 in 928ms (next.js: 9ms, application-code: 919ms)
 GET /api/binance/credentials 200 in 138ms (next.js: 3ms, application-code: 134ms)
 GET /api/p2p/bot/ads?exchange=binance 200 in 608ms (next.js: 2ms, application-code: 606ms)
 POST /api/p2p/bot/cycle 200 in 27.7s (next.js: 4ms, application-code: 27.7s)
 GET /api/p2p/bot/config 200 in 141ms (next.js: 6ms, application-code: 136ms)
 GET /api/p2p/bot/logs?limit=30&exchange=binance 200 in 916ms (next.js: 13ms, application-code: 903ms)
 GET /api/p2p/bot/exchange-config?_=snhvdu72hee 200 in 906ms (next.js: 3ms, application-code: 903ms)
 GET /api/binance/credentials 200 in 133ms (next.js: 1752µs, application-code: 131ms)
 GET /api/p2p/bot/orders?limit=20&live=true&exchange=binance 200 in 1283ms (next.js: 4ms, application-code: 1279ms)
 GET /api/p2p/bot/ads?exchange=binance 200 in 607ms (next.js: 2ms, application-code: 605ms)
 GET /api/p2p/capacity 200 in 1058ms (next.js: 38ms, application-code: 1020ms)
 GET /api/binance/p2p-history 200 in 5.2s (next.js: 18ms, application-code: 5.2s)
 GET /api/p2p/initial-capital 200 in 138ms (next.js: 7ms, application-code: 131ms)
 POST /api/p2p/bot/cycle 200 in 27.5s (next.js: 3ms, application-code: 27.5s)
 GET /api/p2p/bot/config 200 in 130ms (next.js: 1452µs, application-code: 129ms)
 GET /api/p2p/bot/logs?limit=30&exchange=binance 200 in 256ms (next.js: 3ms, application-code: 253ms)
 GET /api/p2p/bot/orders?limit=20&live=true&exchange=binance 200 in 519ms (next.js: 4ms, application-code: 514ms)
 GET /api/p2p/bot/exchange-config?_=1is7seki7nc 200 in 883ms (next.js: 5ms, application-code: 878ms)
 GET /api/binance/credentials 200 in 127ms (next.js: 1149µs, application-code: 126ms)
 GET /api/p2p/bot/ads?exchange=binance 200 in 592ms (next.js: 1046µs, application-code: 591ms)
 POST /api/p2p/bot/cycle 200 in 27.2s (next.js: 2ms, application-code: 27.2s)
 GET /api/p2p/bot/logs?limit=30&exchange=binance 200 in 135ms (next.js: 5ms, application-code: 131ms)
 GET /api/p2p/bot/exchange-config?_=5f7dbh1s1k 200 in 890ms (next.js: 7ms, application-code: 884ms)
 GET /api/p2p/bot/config 200 in 906ms (next.js: 11ms, application-code: 895ms)
 GET /api/binance/credentials 200 in 129ms (next.js: 1515µs, application-code: 128ms)
 GET /api/p2p/bot/orders?limit=20&live=true&exchange=binance 200 in 1265ms (next.js: 11ms, application-code: 1253ms)
 GET /api/p2p/bot/ads?exchange=binance 200 in 589ms (next.js: 2ms, application-code: 587ms)
 GET /api/p2p/capacity 200 in 289ms (next.js: 9ms, application-code: 280ms)
 GET /api/binance/p2p-history 200 in 6.5s (next.js: 21ms, application-code: 6.5s)
 GET /api/p2p/initial-capital 200 in 162ms (next.js: 11ms, application-code: 151ms)
 POST /api/p2p/bot/cycle 200 in 30.8s (next.js: 2ms, application-code: 30.8s)
 GET /api/p2p/bot/config 200 in 142ms (next.js: 10ms, application-code: 132ms)
 GET /api/p2p/bot/logs?limit=30&exchange=binance 200 in 320ms (next.js: 12ms, application-code: 308ms)
 GET /api/p2p/bot/exchange-config?_=mhi667zwll 200 in 1147ms (next.js: 2ms, application-code: 1145ms)
 GET /api/binance/credentials 200 in 201ms (next.js: 4ms, application-code: 197ms)
 GET /api/p2p/bot/orders?limit=20&live=true&exchange=binance 200 in 1550ms (next.js: 4ms, application-code: 1546ms)
 GET /api/p2p/bot/ads?exchange=binance 200 in 714ms (next.js: 2ms, application-code: 712ms)
 POST /api/p2p/bot/cycle 200 in 31.1s (next.js: 3ms, application-code: 31.1s)
 GET /api/p2p/bot/config 200 in 146ms (next.js: 10ms, application-code: 136ms)
 GET /api/p2p/bot/logs?limit=30&exchange=binance 200 in 913ms (next.js: 12ms, application-code: 901ms)
 GET /api/p2p/bot/exchange-config?_=ewhymlt4im 200 in 907ms (next.js: 9ms, application-code: 898ms)
 GET /api/binance/credentials 200 in 133ms (next.js: 3ms, application-code: 131ms)
 GET /api/p2p/bot/orders?limit=20&live=true&exchange=binance 200 in 1310ms (next.js: 10ms, application-code: 1300ms)
 GET /api/p2p/bot/ads?exchange=binance 200 in 604ms (next.js: 2ms, application-code: 602ms)
 GET /api/p2p/capacity 200 in 1064ms (next.js: 26ms, application-code: 1037ms)
 GET /api/binance/p2p-history 200 in 5.2s (next.js: 12ms, application-code: 5.2s)
 GET /api/p2p/initial-capital 200 in 141ms (next.js: 8ms, application-code: 132ms)
 POST /api/p2p/bot/cycle 200 in 28.2s (next.js: 8ms, application-code: 28.2s)
 GET /api/p2p/bot/config 200 in 150ms (next.js: 15ms, application-code: 135ms)
 GET /api/p2p/bot/logs?limit=30&exchange=binance 200 in 941ms (next.js: 20ms, application-code: 921ms)
 GET /api/p2p/bot/exchange-config?_=2wvedwt5xhl 200 in 923ms (next.js: 8ms, application-code: 915ms)
 GET /api/binance/credentials 200 in 134ms (next.js: 5ms, application-code: 129ms)
 GET /api/p2p/bot/orders?limit=20&live=true&exchange=binance 200 in 1309ms (next.js: 4ms, application-code: 1305ms)
 GET /api/p2p/bot/ads?exchange=binance 200 in 598ms (next.js: 3ms, application-code: 596ms)
 GET /api/p2p/capacity 200 in 1026ms (next.js: 13ms, application-code: 1012ms)
 GET /api/operations 200 in 1175ms (next.js: 10ms, application-code: 1165ms)
 GET /api/operations 200 in 1830ms (next.js: 8ms, application-code: 1822ms)
 GET /api/p2p/capacity 200 in 257ms (next.js: 1959µs, application-code: 255ms)
 GET /api/binance/p2p-history 200 in 5.1s (next.js: 20ms, application-code: 5.1s)
 GET /api/p2p/initial-capital 200 in 129ms (next.js: 1443µs, application-code: 128ms)
 GET /api/binance/p2p-history 200 in 4.3s (next.js: 1758µs, application-code: 4.3s)
 GET /api/p2p/initial-capital 200 in 134ms (next.js: 1607µs, application-code: 132ms)
 PUT /api/p2p/bot/exchange-config?_=aoo1n43u4ri 200 in 179ms (next.js: 10ms, application-code: 169ms)
 GET /api/operations 200 in 1064ms (next.js: 4ms, application-code: 1060ms)
 GET /api/binance/p2p-history 200 in 4.5s (next.js: 7ms, application-code: 4.5s)
 GET /api/p2p/initial-capital 200 in 137ms (next.js: 3ms, application-code: 134ms)
 PUT /api/p2p/bot/exchange-config?_=el4tfiie13r 200 in 150ms (next.js: 3ms, application-code: 148ms)
 POST /api/p2p/bot/cycle 200 in 28.3s (next.js: 3ms, application-code: 28.3s)
 GET /api/p2p/bot/config 200 in 146ms (next.js: 6ms, application-code: 140ms)
 GET /api/p2p/bot/logs?limit=30&exchange=binance 200 in 147ms (next.js: 11ms, application-code: 136ms)
 GET /api/p2p/bot/exchange-config?_=qw8gb2z10s 200 in 134ms (next.js: 5ms, application-code: 129ms)
 GET /api/binance/credentials 200 in 131ms (next.js: 2ms, application-code: 128ms)
 GET /api/p2p/bot/orders?limit=20&live=true&exchange=binance 200 in 509ms (next.js: 3ms, application-code: 505ms)
 GET /api/p2p/bot/ads?exchange=binance 200 in 610ms (next.js: 3ms, application-code: 607ms)
 GET /api/binance/p2p-history 200 in 4.4s (next.js: 4ms, application-code: 4.4s)
 GET /api/p2p/initial-capital 200 in 165ms (next.js: 3ms, application-code: 162ms)
 GET /api/p2p/capacity 200 in 1028ms (next.js: 6ms, application-code: 1022ms)
 GET /api/binance/p2p-history 200 in 5.2s (next.js: 7ms, application-code: 5.2s)
 GET /api/p2p/initial-capital 200 in 138ms (next.js: 7ms, application-code: 132ms)
 POST /api/p2p/bot/cycle 200 in 28.2s (next.js: 2ms, application-code: 28.2s)
 GET /api/p2p/bot/config 200 in 133ms (next.js: 3ms, application-code: 130ms)
 GET /api/p2p/bot/logs?limit=30&exchange=binance 200 in 917ms (next.js: 8ms, application-code: 908ms)
 GET /api/p2p/bot/exchange-config?_=k03j8ub1zq 200 in 909ms (next.js: 6ms, application-code: 903ms)
 GET /api/binance/credentials 200 in 130ms (next.js: 2ms, application-code: 128ms)
 GET /api/p2p/bot/orders?limit=20&live=true&exchange=binance 200 in 1301ms (next.js: 6ms, application-code: 1295ms)
 GET /api/p2p/bot/ads?exchange=binance 200 in 610ms (next.js: 8ms, application-code: 602ms)
 GET /api/binance/p2p-history 200 in 4.4s (next.js: 13ms, application-code: 4.4s)
 GET /api/p2p/initial-capital 200 in 137ms (next.js: 3ms, application-code: 133ms)
 GET /api/p2p/capacity 200 in 1035ms (next.js: 3ms, application-code: 1032ms)
 GET /api/binance/p2p-history 200 in 4.4s (next.js: 4ms, application-code: 4.4s)
 GET /api/p2p/initial-capital 200 in 132ms (next.js: 2ms, application-code: 129ms)
 POST /api/p2p/bot/cycle 200 in 29.2s (next.js: 5ms, application-code: 29.2s)
 GET /api/p2p/bot/config 200 in 140ms (next.js: 5ms, application-code: 135ms)
 GET /api/p2p/bot/logs?limit=30&exchange=binance 200 in 897ms (next.js: 6ms, application-code: 891ms)
 GET /api/p2p/bot/exchange-config?_=51dw1z6u0x9 200 in 888ms (next.js: 5ms, application-code: 883ms)
 GET /api/binance/credentials 200 in 129ms (next.js: 2ms, application-code: 127ms)
 GET /api/p2p/bot/orders?limit=20&live=true&exchange=binance 200 in 1274ms (next.js: 3ms, application-code: 1272ms)
 GET /api/binance/p2p-history 200 in 4.3s (next.js: 5ms, application-code: 4.3s)
 GET /api/p2p/bot/ads?exchange=binance 200 in 604ms (next.js: 1313µs, application-code: 602ms)
 GET /api/p2p/initial-capital 200 in 136ms (next.js: 4ms, application-code: 131ms)
 GET /api/operations 200 in 1034ms (next.js: 4ms, application-code: 1030ms)
 PUT /api/p2p/bot/exchange-config?_=qmn9da16tvi 200 in 150ms (next.js: 4ms, application-code: 147ms)
 GET /api/p2p/bot/orders?limit=20&live=true&exchange=binance 200 in 31ms (next.js: 23ms, application-code: 8ms)
 GET /api/p2p/bot/logs?limit=30&exchange=binance 200 in 154ms (next.js: 18ms, application-code: 136ms)
 GET /api/p2p/bot/config 200 in 157ms (next.js: 13ms, application-code: 143ms)
 GET /api/p2p/bot/exchange-config?_=zwl0os5f83f 200 in 149ms (next.js: 20ms, application-code: 129ms)
 GET /api/binance/credentials 200 in 132ms (next.js: 1337µs, application-code: 130ms)
 PUT /api/p2p/bot/exchange-config?_=k3z87xck2a 200 in 134ms (next.js: 1623µs, application-code: 133ms)
 GET /api/p2p/bot/orders?limit=20&live=true&exchange=binance 200 in 14ms (next.js: 9ms, application-code: 4ms)
 GET /api/p2p/bot/ads?exchange=binance 200 in 611ms (next.js: 2ms, application-code: 609ms)
 GET /api/p2p/bot/config 200 in 139ms (next.js: 4ms, application-code: 135ms)
 GET /api/p2p/bot/exchange-config?_=1vt2mze28qt 200 in 129ms (next.js: 1356µs, application-code: 127ms)
 GET /api/p2p/bot/logs?limit=30&exchange=binance 200 in 262ms (next.js: 7ms, application-code: 255ms)
 GET /api/binance/credentials 200 in 131ms (next.js: 2ms, application-code: 128ms)
 GET /api/p2p/bot/ads?exchange=binance 200 in 616ms (next.js: 1339µs, application-code: 615ms)
 GET /api/p2p/capacity 200 in 259ms (next.js: 4ms, application-code: 255ms)
 GET /api/binance/p2p-history 200 in 4.4s (next.js: 10ms, application-code: 4.4s)
 GET /api/p2p/initial-capital 200 in 136ms (next.js: 4ms, application-code: 132ms)
 POST /api/p2p/bot/cycle 200 in 27.6s (next.js: 5ms, application-code: 27.6s)
 GET /api/p2p/bot/config 200 in 137ms (next.js: 5ms, application-code: 131ms)
 GET /api/p2p/bot/logs?limit=30&exchange=binance 200 in 145ms (next.js: 13ms, application-code: 132ms)
 GET /api/p2p/bot/exchange-config?_=qz1cxwa0go 200 in 896ms (next.js: 3ms, application-code: 893ms)
 GET /api/binance/credentials 200 in 136ms (next.js: 4ms, application-code: 132ms)
 GET /api/p2p/bot/orders?limit=20&live=true&exchange=binance 200 in 1263ms (next.js: 5ms, application-code: 1258ms)
 GET /api/p2p/bot/ads?exchange=binance 200 in 620ms (next.js: 7ms, application-code: 612ms)
 GET /api/binance/p2p-history 200 in 4.4s (next.js: 12ms, application-code: 4.4s)
 GET /api/p2p/initial-capital 200 in 132ms (next.js: 3ms, application-code: 129ms)
 POST /api/p2p/bot/cycle 200 in 28.2s (next.js: 2ms, application-code: 28.2s)
 GET /api/p2p/bot/orders?limit=20&live=true&exchange=binance 200 in 11ms (next.js: 7ms, application-code: 4ms)
 GET /api/p2p/bot/exchange-config?_=09i7j6fjb9to 200 in 136ms (next.js: 8ms, application-code: 128ms)
 GET /api/p2p/bot/logs?limit=30&exchange=binance 200 in 139ms (next.js: 5ms, application-code: 134ms)
 GET /api/p2p/bot/config 200 in 140ms (next.js: 2ms, application-code: 138ms)
 GET /api/binance/credentials 200 in 133ms (next.js: 2ms, application-code: 131ms)
 GET /api/p2p/bot/ads?exchange=binance 200 in 604ms (next.js: 1444µs, application-code: 603ms)
 GET /api/p2p/capacity 200 in 1007ms (next.js: 2ms, application-code: 1005ms)
 GET /api/binance/p2p-history 200 in 4.3s (next.js: 1804µs, application-code: 4.3s)
 GET /api/p2p/initial-capital 200 in 136ms (next.js: 3ms, application-code: 133ms)
 POST /api/p2p/bot/cycle 200 in 29.4s (next.js: 3ms, application-code: 29.4s)
 GET /api/p2p/bot/config 200 in 136ms (next.js: 4ms, application-code: 133ms)
 GET /api/p2p/bot/logs?limit=30&exchange=binance 200 in 273ms (next.js: 14ms, application-code: 259ms)
 GET /api/binance/p2p-history 200 in 4.4s (next.js: 13ms, application-code: 4.3s)
 GET /api/p2p/initial-capital 200 in 131ms (next.js: 3ms, application-code: 128ms)
 GET /api/p2p/bot/exchange-config?_=sado32y3e3h 200 in 902ms (next.js: 5ms, application-code: 897ms)
 GET /api/binance/credentials 200 in 134ms (next.js: 3ms, application-code: 132ms)
 GET /api/p2p/bot/orders?limit=20&live=true&exchange=binance 200 in 1294ms (next.js: 15ms, application-code: 1279ms)
 GET /api/p2p/bot/ads?exchange=binance 200 in 614ms (next.js: 1295µs, application-code: 613ms)
 POST /api/p2p/bot/cycle 200 in 27.3s (next.js: 2ms, application-code: 27.3s)
 GET /api/p2p/bot/orders?limit=20&live=true&exchange=binance 200 in 12ms (next.js: 7ms, application-code: 6ms)
 GET /api/p2p/bot/config 200 in 138ms (next.js: 3ms, application-code: 135ms)
 GET /api/p2p/bot/exchange-config?_=2hh4mnpp6qa 200 in 138ms (next.js: 8ms, application-code: 131ms)
 GET /api/p2p/bot/logs?limit=30&exchange=binance 200 in 260ms (next.js: 5ms, application-code: 255ms)
 GET /api/binance/credentials 200 in 126ms (next.js: 658µs, application-code: 126ms)
 GET /api/p2p/bot/ads?exchange=binance 200 in 650ms (next.js: 1447µs, application-code: 648ms)
 GET /api/p2p/capacity 200 in 265ms (next.js: 4ms, application-code: 261ms)
 GET /api/binance/p2p-history 200 in 4.4s (next.js: 13ms, application-code: 4.4s)
 GET /api/p2p/initial-capital 200 in 134ms (next.js: 3ms, application-code: 131ms)
 POST /api/p2p/bot/cycle 200 in 29.6s (next.js: 6ms, application-code: 29.6s)
 GET /api/p2p/bot/config 200 in 197ms (next.js: 20ms, application-code: 176ms)
 GET /api/p2p/bot/exchange-config?_=1xczu7vp48n 200 in 1209ms (next.js: 7ms, application-code: 1202ms)
 GET /api/p2p/bot/logs?limit=30&exchange=binance 200 in 1226ms (next.js: 12ms, application-code: 1214ms)
 GET /api/binance/credentials 200 in 192ms (next.js: 2ms, application-code: 189ms)
 GET /api/binance/p2p-history 200 in 6.9s (next.js: 5ms, application-code: 6.9s)
 GET /api/p2p/bot/orders?limit=20&live=true&exchange=binance 200 in 1637ms (next.js: 8ms, application-code: 1628ms)
 POST /api/p2p/bot/cycle 200 in 28.7s (next.js: 1373µs, application-code: 28.7s)
 GET /api/p2p/initial-capital 200 in 145ms (next.js: 9ms, application-code: 136ms)
 GET /api/p2p/bot/orders?limit=20&live=true&exchange=binance 200 in 10ms (next.js: 3ms, application-code: 7ms)
 GET /api/p2p/bot/exchange-config?_=kuhc3u99lu 200 in 189ms (next.js: 8ms, application-code: 181ms)
 GET /api/p2p/bot/config 200 in 190ms (next.js: 1250µs, application-code: 189ms)
 GET /api/p2p/bot/logs?limit=30&exchange=binance 200 in 311ms (next.js: 2ms, application-code: 308ms)
 GET /api/binance/credentials 200 in 127ms (next.js: 1152µs, application-code: 126ms)
 GET /api/p2p/bot/ads?exchange=binance 200 in 660ms (next.js: 3ms, application-code: 658ms)
 GET /api/p2p/bot/ads?exchange=binance 200 in 720ms (next.js: 1129µs, application-code: 719ms)
 GET /api/p2p/capacity 200 in 308ms (next.js: 2ms, application-code: 306ms)
 GET /api/binance/p2p-history 200 in 5.7s (next.js: 6ms, application-code: 5.7s)
 GET /api/p2p/initial-capital 200 in 160ms (next.js: 3ms, application-code: 157ms)
 GET /api/binance/p2p-history 200 in 4.4s (next.js: 9ms, application-code: 4.4s)
 GET /api/p2p/initial-capital 200 in 139ms (next.js: 8ms, application-code: 131ms)
 POST /api/p2p/bot/cycle 200 in 31.1s (next.js: 7ms, application-code: 31.1s)
 GET /api/p2p/bot/config 200 in 141ms (next.js: 6ms, application-code: 136ms)
 GET /api/p2p/bot/logs?limit=30&exchange=binance 200 in 143ms (next.js: 9ms, application-code: 134ms)
 POST /api/p2p/bot/cycle 200 in 30.0s (next.js: 1036µs, application-code: 30.0s)
 GET /api/p2p/bot/config 200 in 139ms (next.js: 4ms, application-code: 135ms)
 GET /api/p2p/bot/logs?limit=30&exchange=binance 200 in 140ms (next.js: 7ms, application-code: 133ms)
 GET /api/p2p/bot/exchange-config?_=dycy26ao1vo 200 in 142ms (next.js: 10ms, application-code: 132ms)
 GET /api/p2p/bot/exchange-config?_=8bjwy6t0hta 200 in 904ms (next.js: 6ms, application-code: 899ms)
 GET /api/binance/credentials 200 in 137ms (next.js: 4ms, application-code: 133ms)
 GET /api/binance/credentials 200 in 133ms (next.js: 3ms, application-code: 130ms)
 GET /api/p2p/bot/orders?limit=20&live=true&exchange=binance 200 in 1295ms (next.js: 15ms, application-code: 1280ms)
 GET /api/p2p/bot/orders?limit=20&live=true&exchange=binance 200 in 12ms (next.js: 6ms, application-code: 7ms)
 GET /api/p2p/bot/ads?exchange=binance 200 in 603ms (next.js: 3ms, application-code: 600ms)
 GET /api/p2p/bot/ads?exchange=binance 200 in 603ms (next.js: 1478µs, application-code: 601ms)
 GET /api/p2p/capacity 200 in 259ms (next.js: 4ms, application-code: 255ms)
 GET /api/binance/p2p-history 200 in 4.3s (next.js: 4ms, application-code: 4.3s)
 GET /api/p2p/initial-capital 200 in 126ms (next.js: 1816µs, application-code: 124ms)
 GET /api/binance/p2p-history 200 in 4.4s (next.js: 10ms, application-code: 4.4s)
 GET /api/p2p/initial-capital 200 in 135ms (next.js: 5ms, application-code: 129ms)
 POST /api/p2p/bot/cycle 200 in 26.4s (next.js: 3ms, application-code: 26.4s)
 GET /api/p2p/bot/config 200 in 140ms (next.js: 5ms, application-code: 135ms)
 GET /api/p2p/bot/logs?limit=30&exchange=binance 200 in 267ms (next.js: 10ms, application-code: 257ms)
 GET /api/p2p/bot/exchange-config?_=iv68artsil 200 in 923ms (next.js: 13ms, application-code: 909ms)
 GET /api/binance/credentials 200 in 137ms (next.js: 4ms, application-code: 133ms)
 GET /api/p2p/bot/orders?limit=20&live=true&exchange=binance 200 in 1285ms (next.js: 5ms, application-code: 1279ms)
 POST /api/p2p/bot/cycle 200 in 28.7s (next.js: 7ms, application-code: 28.7s)
 GET /api/p2p/bot/orders?limit=20&live=true&exchange=binance 200 in 6ms (next.js: 4ms, application-code: 3ms)
 GET /api/p2p/bot/ads?exchange=binance 200 in 616ms (next.js: 7ms, application-code: 609ms)
 GET /api/p2p/bot/config 200 in 132ms (next.js: 1232µs, application-code: 131ms)
 GET /api/p2p/bot/exchange-config?_=kcrt0wdvsu 200 in 133ms (next.js: 5ms, application-code: 129ms)
 GET /api/p2p/bot/logs?limit=30&exchange=binance 200 in 259ms (next.js: 2ms, application-code: 257ms)
 GET /api/binance/credentials 200 in 130ms (next.js: 1988µs, application-code: 128ms)
 GET /api/p2p/bot/ads?exchange=binance 200 in 604ms (next.js: 1041µs, application-code: 603ms)
 GET /api/p2p/capacity 200 in 256ms (next.js: 2ms, application-code: 253ms)
 GET /api/binance/p2p-history 200 in 4.3s (next.js: 4ms, application-code: 4.3s)
 GET /api/p2p/initial-capital 200 in 130ms (next.js: 3ms, application-code: 128ms)
 GET /api/binance/p2p-history 200 in 4.4s (next.js: 3ms, application-code: 4.4s)
 GET /api/p2p/initial-capital 200 in 136ms (next.js: 4ms, application-code: 132ms)
 POST /api/p2p/bot/cycle 200 in 27.3s (next.js: 3ms, application-code: 27.3s)
 GET /api/p2p/bot/logs?limit=30&exchange=binance 200 in 176ms (next.js: 10ms, application-code: 166ms)
 GET /api/p2p/bot/config 200 in 178ms (next.js: 6ms, application-code: 172ms)
 POST /api/p2p/bot/cycle 200 in 29.7s (next.js: 2ms, application-code: 29.7s)
 GET /api/p2p/bot/exchange-config?_=dzt6d4zxwfo 200 in 900ms (next.js: 4ms, application-code: 896ms)
 GET /api/p2p/bot/config 200 in 146ms (next.js: 4ms, application-code: 142ms)
 GET /api/p2p/bot/exchange-config?_=ub01juso1j 200 in 148ms (next.js: 13ms, application-code: 135ms)
 GET /api/p2p/bot/logs?limit=30&exchange=binance 200 in 152ms (next.js: 10ms, application-code: 142ms)
 GET /api/binance/credentials 200 in 131ms (next.js: 1470µs, application-code: 130ms)
 GET /api/binance/credentials 200 in 134ms (next.js: 2ms, application-code: 132ms)
 GET /api/p2p/bot/orders?limit=20&live=true&exchange=binance 200 in 1334ms (next.js: 51ms, application-code: 1284ms)
 GET /api/p2p/bot/orders?limit=20&live=true&exchange=binance 200 in 10ms (next.js: 4ms, application-code: 6ms)
 GET /api/p2p/bot/ads?exchange=binance 200 in 608ms (next.js: 3ms, application-code: 605ms)
 GET /api/p2p/bot/ads?exchange=binance 200 in 610ms (next.js: 3ms, application-code: 608ms)
 GET /api/p2p/capacity 200 in 268ms (next.js: 4ms, application-code: 264ms)
 GET /api/binance/p2p-history 200 in 4.4s (next.js: 12ms, application-code: 4.4s)
 GET /api/p2p/initial-capital 200 in 136ms (next.js: 3ms, application-code: 133ms)
 GET /api/binance/p2p-history 200 in 5.2s (next.js: 11ms, application-code: 5.2s)
 GET /api/p2p/initial-capital 200 in 133ms (next.js: 3ms, application-code: 130ms)
 POST /api/p2p/bot/cycle 200 in 26.8s (next.js: 4ms, application-code: 26.8s)
 POST /api/p2p/bot/cycle 200 in 27.7s (next.js: 4ms, application-code: 27.7s)
 GET /api/p2p/bot/config 200 in 142ms (next.js: 3ms, application-code: 139ms)
 GET /api/p2p/bot/logs?limit=30&exchange=binance 200 in 145ms (next.js: 10ms, application-code: 134ms)
 GET /api/p2p/bot/exchange-config?_=pnq61xdj8i8 200 in 132ms (next.js: 1620µs, application-code: 131ms)
 GET /api/p2p/bot/config 200 in 136ms (next.js: 4ms, application-code: 132ms)
 GET /api/p2p/bot/logs?limit=30&exchange=binance 200 in 131ms (next.js: 1303µs, application-code: 129ms)
 GET /api/binance/credentials 200 in 151ms (next.js: 1299µs, application-code: 150ms)
 GET /api/p2p/bot/exchange-config?_=plewznhhdel 200 in 902ms (next.js: 5ms, application-code: 897ms)
 GET /api/p2p/bot/ads?exchange=binance 200 in 597ms (next.js: 4ms, application-code: 593ms)
 GET /api/binance/credentials 200 in 132ms (next.js: 2ms, application-code: 129ms)
 GET /api/p2p/bot/orders?limit=20&live=true&exchange=binance 200 in 1284ms (next.js: 8ms, application-code: 1276ms)
 GET /api/p2p/bot/orders?limit=20&live=true&exchange=binance 200 in 7ms (next.js: 2ms, application-code: 4ms)
 GET /api/p2p/bot/ads?exchange=binance 200 in 638ms (next.js: 1428µs, application-code: 637ms)
 GET /api/p2p/capacity 200 in 255ms (next.js: 1599µs, application-code: 253ms)
 GET /api/binance/p2p-history 200 in 4.3s (next.js: 3ms, application-code: 4.3s)
 GET /api/p2p/initial-capital 200 in 130ms (next.js: 1902µs, application-code: 128ms)
 GET /api/binance/p2p-history 200 in 6.9s (next.js: 9ms, application-code: 6.9s)
 GET /api/p2p/initial-capital 200 in 169ms (next.js: 4ms, application-code: 165ms)
 POST /api/p2p/bot/cycle 200 in 30.0s (next.js: 3ms, application-code: 30.0s)
 GET /api/p2p/bot/config 200 in 182ms (next.js: 7ms, application-code: 175ms)
 GET /api/p2p/bot/logs?limit=30&exchange=binance 200 in 306ms (next.js: 15ms, application-code: 290ms)
 GET /api/p2p/bot/orders?limit=20&live=true&exchange=binance 200 in 533ms (next.js: 1449µs, application-code: 531ms)
 GET /api/p2p/bot/exchange-config?_=yco1a4trszp 200 in 1211ms (next.js: 9ms, application-code: 1202ms)
 GET /api/binance/credentials 200 in 136ms (next.js: 3ms, application-code: 132ms)
 POST /api/p2p/bot/cycle 200 in 31.6s (next.js: 3ms, application-code: 31.6s)
 GET /api/p2p/bot/orders?limit=20&live=true&exchange=binance 200 in 12ms (next.js: 7ms, application-code: 5ms)
 GET /api/p2p/bot/config 200 in 188ms (next.js: 3ms, application-code: 184ms)
 GET /api/p2p/bot/exchange-config?_=nmf1tdlf7ah 200 in 187ms (next.js: 13ms, application-code: 174ms)
 GET /api/p2p/bot/logs?limit=30&exchange=binance 200 in 339ms (next.js: 5ms, application-code: 334ms)
 GET /api/binance/credentials 200 in 155ms (next.js: 1466µs, application-code: 154ms)
 GET /api/p2p/bot/ads?exchange=binance 200 in 719ms (next.js: 5ms, application-code: 715ms)
 GET /api/p2p/bot/ads?exchange=binance 200 in 696ms (next.js: 3ms, application-code: 693ms)
 GET /api/p2p/capacity 200 in 151ms (next.js: 1888µs, application-code: 149ms)
 GET /api/binance/p2p-history 200 in 5.9s (next.js: 4ms, application-code: 5.9s)
 GET /api/p2p/initial-capital 200 in 160ms (next.js: 12ms, application-code: 148ms)
 GET /api/binance/p2p-history 200 in 4.4s (next.js: 12ms, application-code: 4.4s)
 GET /api/p2p/initial-capital 200 in 135ms (next.js: 6ms, application-code: 130ms)
 POST /api/p2p/bot/cycle 200 in 29.9s (next.js: 1893µs, application-code: 29.9s)
 GET /api/p2p/bot/config 200 in 132ms (next.js: 3ms, application-code: 129ms)
 GET /api/p2p/bot/logs?limit=30&exchange=binance 200 in 265ms (next.js: 9ms, application-code: 255ms)
 GET /api/p2p/bot/orders?limit=20&live=true&exchange=binance 200 in 501ms (next.js: 4ms, application-code: 497ms)
 POST /api/p2p/bot/cycle 200 in 29.2s (next.js: 1701µs, application-code: 29.2s)
 GET /api/p2p/bot/orders?limit=20&live=true&exchange=binance 200 in 13ms (next.js: 7ms, application-code: 5ms)
 GET /api/p2p/bot/exchange-config?_=bxnqgw93bjo 200 in 896ms (next.js: 3ms, application-code: 893ms)
 GET /api/p2p/bot/config 200 in 142ms (next.js: 5ms, application-code: 137ms)
 GET /api/p2p/bot/exchange-config?_=6fowkg6dha6 200 in 140ms (next.js: 9ms, application-code: 131ms)
 GET /api/p2p/bot/logs?limit=30&exchange=binance 200 in 142ms (next.js: 6ms, application-code: 136ms)
 GET /api/binance/credentials 200 in 130ms (next.js: 1475µs, application-code: 129ms)
 GET /api/binance/credentials 200 in 128ms (next.js: 979µs, application-code: 127ms)
 GET /api/p2p/bot/ads?exchange=binance 200 in 609ms (next.js: 7ms, application-code: 601ms)
 GET /api/p2p/bot/ads?exchange=binance 200 in 597ms (next.js: 875µs, application-code: 596ms)
 GET /api/p2p/capacity 200 in 258ms (next.js: 2ms, application-code: 256ms)
 GET /api/binance/p2p-history 200 in 4.3s (next.js: 1779µs, application-code: 4.3s)
 GET /api/p2p/initial-capital 200 in 133ms (next.js: 3ms, application-code: 130ms)
 GET /api/binance/p2p-history 200 in 4.4s (next.js: 28ms, application-code: 4.4s)
 GET /api/p2p/initial-capital 200 in 132ms (next.js: 2ms, application-code: 130ms)
 POST /api/p2p/bot/cycle 200 in 27.4s (next.js: 3ms, application-code: 27.4s)
 GET /api/p2p/bot/config 200 in 140ms (next.js: 3ms, application-code: 136ms)
 GET /api/p2p/bot/logs?limit=30&exchange=binance 200 in 268ms (next.js: 3ms, application-code: 264ms)
 GET /api/p2p/bot/exchange-config?_=5ak3ehwmtob 200 in 897ms (next.js: 6ms, application-code: 891ms)
 GET /api/binance/credentials 200 in 135ms (next.js: 5ms, application-code: 131ms)
 GET /api/p2p/bot/orders?limit=20&live=true&exchange=binance 200 in 1292ms (next.js: 6ms, application-code: 1287ms)
 POST /api/p2p/bot/cycle 200 in 28.0s (next.js: 2ms, application-code: 28.0s)
 GET /api/p2p/bot/orders?limit=20&live=true&exchange=binance 200 in 11ms (next.js: 6ms, application-code: 5ms)
 GET /api/p2p/bot/config 200 in 139ms (next.js: 1760µs, application-code: 137ms)
 GET /api/p2p/bot/exchange-config?_=kz5ryo79x3h 200 in 143ms (next.js: 9ms, application-code: 134ms)
 GET /api/p2p/bot/logs?limit=30&exchange=binance 200 in 259ms (next.js: 4ms, application-code: 255ms)
 GET /api/p2p/bot/ads?exchange=binance 200 in 591ms (next.js: 1128µs, application-code: 590ms)
 GET /api/binance/credentials 200 in 137ms (next.js: 1483µs, application-code: 136ms)
 GET /api/p2p/bot/ads?exchange=binance 200 in 601ms (next.js: 1212µs, application-code: 599ms)
 GET /api/p2p/capacity 200 in 259ms (next.js: 3ms, application-code: 256ms)
 GET /api/binance/p2p-history 200 in 4.4s (next.js: 1847µs, application-code: 4.4s)
 GET /api/p2p/initial-capital 200 in 141ms (next.js: 6ms, application-code: 136ms)
 GET /api/binance/p2p-history 200 in 4.4s (next.js: 11ms, application-code: 4.4s)
 GET /api/p2p/initial-capital 200 in 133ms (next.js: 1925µs, application-code: 131ms)
 POST /api/p2p/bot/cycle 200 in 27.4s (next.js: 1099µs, application-code: 27.4s)
 GET /api/p2p/bot/config 200 in 146ms (next.js: 11ms, application-code: 135ms)
 GET /api/p2p/bot/logs?limit=30&exchange=binance 200 in 138ms (next.js: 3ms, application-code: 135ms)
 GET /api/p2p/bot/orders?limit=20&live=true&exchange=binance 200 in 521ms (next.js: 8ms, application-code: 513ms)
 POST /api/p2p/bot/cycle 200 in 29.3s (next.js: 2ms, application-code: 29.3s)
 GET /api/p2p/bot/orders?limit=20&live=true&exchange=binance 200 in 14ms (next.js: 8ms, application-code: 6ms)
 GET /api/p2p/bot/config 200 in 138ms (next.js: 3ms, application-code: 135ms)
 GET /api/p2p/bot/exchange-config?_=4zrokgjnvi 200 in 143ms (next.js: 10ms, application-code: 133ms)
 GET /api/p2p/bot/logs?limit=30&exchange=binance 200 in 272ms (next.js: 6ms, application-code: 266ms)
 GET /api/binance/credentials 200 in 142ms (next.js: 1985µs, application-code: 140ms)
 GET /api/p2p/bot/exchange-config?_=qbj5o2p013 200 in 904ms (next.js: 7ms, application-code: 898ms)
 GET /api/binance/credentials 200 in 130ms (next.js: 811µs, application-code: 129ms)
 GET /api/p2p/bot/ads?exchange=binance 200 in 604ms (next.js: 1817µs, application-code: 602ms)
 GET /api/p2p/bot/ads?exchange=binance 200 in 599ms (next.js: 872µs, application-code: 598ms)
 GET /api/p2p/capacity 200 in 256ms (next.js: 1617µs, application-code: 255ms)
 GET /api/binance/p2p-history 200 in 4.4s (next.js: 2ms, application-code: 4.4s)
 GET /api/p2p/initial-capital 200 in 133ms (next.js: 4ms, application-code: 129ms)
 GET /api/binance/p2p-history 200 in 4.5s (next.js: 4ms, application-code: 4.4s)
 GET /api/p2p/initial-capital 200 in 139ms (next.js: 5ms, application-code: 134ms)
 POST /api/p2p/bot/cycle 200 in 26.5s (next.js: 2ms, application-code: 26.5s)
 GET /api/p2p/bot/config 200 in 134ms (next.js: 3ms, application-code: 131ms)
 GET /api/p2p/bot/logs?limit=30&exchange=binance 200 in 135ms (next.js: 6ms, application-code: 129ms)
 GET /api/p2p/bot/orders?limit=20&live=true&exchange=binance 200 in 514ms (next.js: 6ms, application-code: 508ms)
 GET /api/p2p/bot/exchange-config?_=zn59tr108zd 200 in 906ms (next.js: 5ms, application-code: 902ms)
 GET /api/binance/credentials 200 in 140ms (next.js: 6ms, application-code: 133ms)
 GET /api/p2p/bot/ads?exchange=binance 200 in 600ms (next.js: 2ms, application-code: 598ms)
 POST /api/p2p/bot/cycle 200 in 28.9s (next.js: 12ms, application-code: 28.9s)
 GET /api/p2p/bot/orders?limit=20&live=true&exchange=binance 200 in 12ms (next.js: 7ms, application-code: 5ms)
 GET /api/p2p/bot/config 200 in 136ms (next.js: 2ms, application-code: 134ms)
 GET /api/p2p/bot/logs?limit=30&exchange=binance 200 in 137ms (next.js: 5ms, application-code: 132ms)
 GET /api/p2p/bot/exchange-config?_=c9dp9z6pzj4 200 in 138ms (next.js: 9ms, application-code: 129ms)
 GET /api/binance/credentials 200 in 131ms (next.js: 3ms, application-code: 128ms)
 GET /api/p2p/bot/ads?exchange=binance 200 in 600ms (next.js: 2ms, application-code: 598ms)
 GET /api/p2p/capacity 200 in 259ms (next.js: 2ms, application-code: 256ms)
 GET /api/binance/p2p-history 200 in 4.4s (next.js: 5ms, application-code: 4.4s)
 GET /api/p2p/initial-capital 200 in 135ms (next.js: 4ms, application-code: 131ms)
 GET /api/binance/p2p-history 200 in 4.4s (next.js: 15ms, application-code: 4.4s)
 GET /api/p2p/initial-capital 200 in 143ms (next.js: 1738µs, application-code: 141ms)
 POST /api/p2p/bot/cycle 200 in 28.1s (next.js: 3ms, application-code: 28.1s)
 GET /api/p2p/bot/config 200 in 179ms (next.js: 7ms, application-code: 173ms)
 GET /api/p2p/bot/logs?limit=30&exchange=binance 200 in 298ms (next.js: 12ms, application-code: 286ms)
 GET /api/p2p/bot/exchange-config?_=zi2epxqh2bd 200 in 1017ms (next.js: 4ms, application-code: 1013ms)
 POST /api/p2p/bot/cycle 200 in 27.4s (next.js: 1768µs, application-code: 27.4s)
 GET /api/binance/credentials 200 in 142ms (next.js: 4ms, application-code: 137ms)
 GET /api/p2p/bot/config 200 in 136ms (next.js: 3ms, application-code: 133ms)
 GET /api/p2p/bot/exchange-config?_=tghy4jutb0b 200 in 137ms (next.js: 8ms, application-code: 129ms)
 GET /api/p2p/bot/logs?limit=30&exchange=binance 200 in 139ms (next.js: 5ms, application-code: 133ms)
 GET /api/binance/credentials 200 in 265ms (next.js: 2ms, application-code: 263ms)
 GET /api/p2p/bot/orders?limit=20&live=true&exchange=binance 200 in 1554ms (next.js: 4ms, application-code: 1550ms)
 GET /api/p2p/bot/orders?limit=20&live=true&exchange=binance 200 in 9ms (next.js: 3ms, application-code: 6ms)
 GET /api/p2p/bot/ads?exchange=binance 200 in 719ms (next.js: 6ms, application-code: 713ms)
 GET /api/p2p/bot/ads?exchange=binance 200 in 703ms (next.js: 3ms, application-code: 700ms)
 GET /api/p2p/capacity 200 in 258ms (next.js: 1915µs, application-code: 256ms)
 GET /api/binance/p2p-history 200 in 5.9s (next.js: 1769µs, application-code: 5.9s)
 GET /api/p2p/initial-capital 200 in 182ms (next.js: 3ms, application-code: 179ms)
prisma:error 
Invalid `__TURBOPACK__imported__module__$5b$project$5d2f$lib$2f$prisma$2e$ts__$5b$app$2d$route$5d$__$28$ecmascript$29$__["prisma"].p2PChatState.create()` invocation in
/Users/josbermarcano/Desktop/onzeapp/.next/dev/server/chunks/[root-of-the-server]__0p9x3gw._.js:1043:155

  1040 await logMsg(tenantId, exchange, `[Chat] processOrder ${orderNo} status=${order.status} group=${order.group} verified=${order.verified} cs=${cs ? cs.state : 'null'} verifiedAt=${cs?.verifiedAt || 'null'}`);
  1041 if (!cs) {
  1042     if (!isPending && !isAppeal && order.group !== "completed") return;
→ 1043     cs = await __TURBOPACK__imported__module__$5b$project$5d2f$lib$2f$prisma$2e$ts__$5b$app$2d$route$5d$__$28$ecmascript$29$__["prisma"].p2PChatState.create(
Unique constraint failed on the fields: (`"tenantId"`, `exchange`, `"orderNumber"`)
 GET /api/binance/p2p-history 200 in 5.9s (next.js: 15ms, application-code: 5.9s)
 GET /api/p2p/initial-capital 200 in 173ms (next.js: 4ms, application-code: 169ms)
 GET /api/p2p/capacity 200 in 266ms (next.js: 3ms, application-code: 263ms)
 POST /api/p2p/bot/cycle 200 in 33.9s (next.js: 3ms, application-code: 33.9s)
 GET /api/p2p/bot/config 200 in 141ms (next.js: 6ms, application-code: 135ms)
 GET /api/p2p/bot/logs?limit=30&exchange=binance 200 in 148ms (next.js: 12ms, application-code: 136ms)
 POST /api/p2p/bot/cycle 200 in 33.2s (next.js: 1471µs, application-code: 33.2s)
 GET /api/p2p/bot/config 200 in 136ms (next.js: 1495µs, application-code: 134ms)
 GET /api/p2p/bot/logs?limit=30&exchange=binance 200 in 261ms (next.js: 4ms, application-code: 257ms)
 GET /api/p2p/bot/exchange-config?_=1vrcox7yo0wi 200 in 917ms (next.js: 3ms, application-code: 914ms)
 GET /api/binance/credentials 200 in 137ms (next.js: 6ms, application-code: 131ms)
 GET /api/p2p/bot/orders?limit=20&live=true&exchange=binance 200 in 1318ms (next.js: 14ms, application-code: 1304ms)
 GET /api/p2p/bot/orders?limit=20&live=true&exchange=binance 200 in 7ms (next.js: 1742µs, application-code: 6ms)
 GET /api/p2p/bot/exchange-config?_=sdcg8ohjsf 200 in 899ms (next.js: 7ms, application-code: 892ms)
 GET /api/binance/credentials 200 in 133ms (next.js: 2ms, application-code: 130ms)
 GET /api/p2p/bot/ads?exchange=binance 200 in 601ms (next.js: 3ms, application-code: 598ms)
 GET /api/binance/p2p-history 200 in 4.4s (next.js: 13ms, application-code: 4.4s)
 GET /api/p2p/initial-capital 200 in 131ms (next.js: 1823µs, application-code: 129ms)
 GET /api/p2p/bot/ads?exchange=binance 200 in 603ms (next.js: 2ms, application-code: 600ms)
 GET /api/binance/p2p-history 200 in 4.4s (next.js: 9ms, application-code: 4.4s)
 GET /api/p2p/initial-capital 200 in 147ms (next.js: 12ms, application-code: 135ms)
 GET /api/p2p/capacity 200 in 259ms (next.js: 3ms, application-code: 256ms)
 POST /api/p2p/bot/cycle 200 in 28.3s (next.js: 3ms, application-code: 28.3s)
 GET /api/p2p/bot/config 200 in 136ms (next.js: 9ms, application-code: 128ms)
 POST /api/p2p/bot/cycle 200 in 28.6s (next.js: 9ms, application-code: 28.6s)
 GET /api/p2p/bot/config 200 in 134ms (next.js: 1702µs, application-code: 132ms)
 GET /api/p2p/bot/exchange-config?_=o7h5fi7tx8 200 in 136ms (next.js: 4ms, application-code: 132ms)
 GET /api/p2p/bot/logs?limit=30&exchange=binance 200 in 974ms (next.js: 11ms, application-code: 963ms)
 GET /api/p2p/bot/exchange-config?_=ok7v4iv0s1s 200 in 976ms (next.js: 4ms, application-code: 972ms)
 GET /api/binance/credentials 200 in 133ms (next.js: 2ms, application-code: 131ms)
 GET /api/p2p/bot/logs?limit=30&exchange=binance 200 in 131ms (next.js: 1338µs, application-code: 129ms)
 GET /api/binance/credentials 200 in 132ms (next.js: 1185µs, application-code: 131ms)
 GET /api/p2p/bot/orders?limit=20&live=true&exchange=binance 200 in 1353ms (next.js: 2ms, application-code: 1351ms)
 GET /api/p2p/bot/orders?limit=20&live=true&exchange=binance 200 in 10ms (next.js: 4ms, application-code: 6ms)
 GET /api/p2p/bot/ads?exchange=binance 200 in 599ms (next.js: 1542µs, application-code: 597ms)
 GET /api/binance/p2p-history 200 in 4.4s (next.js: 7ms, application-code: 4.4s)
 GET /api/p2p/initial-capital 200 in 130ms (next.js: 1793µs, application-code: 128ms)
 GET /api/p2p/bot/ads?exchange=binance 200 in 610ms (next.js: 2ms, application-code: 608ms)
 GET /api/binance/p2p-history 200 in 4.4s (next.js: 7ms, application-code: 4.4s)
 GET /api/p2p/initial-capital 200 in 135ms (next.js: 6ms, application-code: 129ms)
 GET /api/p2p/capacity 200 in 258ms (next.js: 3ms, application-code: 255ms)
 POST /api/p2p/bot/cycle 200 in 26.5s (next.js: 9ms, application-code: 26.5s)
 GET /api/p2p/bot/config 200 in 133ms (next.js: 3ms, application-code: 130ms)
 GET /api/p2p/bot/exchange-config?_=e26rls49yw8 200 in 907ms (next.js: 2ms, application-code: 905ms)
 GET /api/p2p/bot/logs?limit=30&exchange=binance 200 in 917ms (next.js: 7ms, application-code: 910ms)
 GET /api/binance/credentials 200 in 134ms (next.js: 4ms, application-code: 130ms)
 GET /api/p2p/bot/orders?limit=20&live=true&exchange=binance 200 in 1286ms (next.js: 5ms, application-code: 1282ms)
 GET /api/p2p/bot/ads?exchange=binance 200 in 608ms (next.js: 7ms, application-code: 601ms)
 POST /api/p2p/bot/cycle 200 in 29.4s (next.js: 4ms, application-code: 29.4s)
 GET /api/p2p/bot/orders?limit=20&live=true&exchange=binance 200 in 11ms (next.js: 6ms, application-code: 5ms)
 GET /api/p2p/bot/logs?limit=30&exchange=binance 200 in 134ms (next.js: 3ms, application-code: 131ms)
 GET /api/p2p/bot/config 200 in 136ms (next.js: 1442µs, application-code: 134ms)
 GET /api/p2p/bot/exchange-config?_=8nwntxy2o3d 200 in 136ms (next.js: 9ms, application-code: 127ms)
 GET /api/binance/credentials 200 in 128ms (next.js: 1555µs, application-code: 127ms)
 GET /api/binance/p2p-history 200 in 4.4s (next.js: 5ms, application-code: 4.4s)
 GET /api/p2p/initial-capital 200 in 128ms (next.js: 1539µs, application-code: 126ms)
 GET /api/p2p/bot/ads?exchange=binance 200 in 595ms (next.js: 1420µs, application-code: 593ms)
 GET /api/binance/p2p-history 200 in 5.2s (next.js: 37ms, application-code: 5.1s)
 GET /api/p2p/initial-capital 200 in 133ms (next.js: 5ms, application-code: 128ms)
 GET /api/p2p/capacity 200 in 1017ms (next.js: 3ms, application-code: 1014ms)
 POST /api/p2p/bot/cycle 200 in 27.5s (next.js: 4ms, application-code: 27.5s)
 GET /api/p2p/bot/logs?limit=30&exchange=binance 200 in 145ms (next.js: 2ms, application-code: 143ms)
 GET /api/p2p/bot/config 200 in 148ms (next.js: 5ms, application-code: 143ms)
 GET /api/p2p/bot/exchange-config?_=nchmiaxm8j9 200 in 905ms (next.js: 6ms, application-code: 899ms)
 POST /api/p2p/bot/cycle 200 in 26.4s (next.js: 3ms, application-code: 26.4s)
 GET /api/binance/credentials 200 in 132ms (next.js: 1855µs, application-code: 131ms)
 GET /api/p2p/bot/config 200 in 129ms (next.js: 1752µs, application-code: 128ms)
 GET /api/p2p/bot/logs?limit=30&exchange=binance 200 in 131ms (next.js: 3ms, application-code: 128ms)
 GET /api/p2p/bot/exchange-config?_=t3ib86sgc6f 200 in 134ms (next.js: 6ms, application-code: 128ms)
 GET /api/binance/credentials 200 in 128ms (next.js: 545µs, application-code: 128ms)
 GET /api/p2p/bot/orders?limit=20&live=true&exchange=binance 200 in 1285ms (next.js: 4ms, application-code: 1281ms)
 GET /api/p2p/bot/orders?limit=20&live=true&exchange=binance 200 in 6ms (next.js: 1487µs, application-code: 4ms)
 GET /api/p2p/bot/ads?exchange=binance 200 in 609ms (next.js: 6ms, application-code: 603ms)
 GET /api/p2p/bot/ads?exchange=binance 200 in 601ms (next.js: 875µs, application-code: 600ms)
 GET /api/binance/p2p-history 200 in 4.4s (next.js: 6ms, application-code: 4.4s)
 GET /api/p2p/initial-capital 200 in 130ms (next.js: 1471µs, application-code: 129ms)
 GET /api/binance/p2p-history 200 in 4.4s (next.js: 4ms, application-code: 4.4s)
 GET /api/p2p/initial-capital 200 in 133ms (next.js: 3ms, application-code: 130ms)
 GET /api/p2p/capacity 200 in 1023ms (next.js: 2ms, application-code: 1021ms)
 POST /api/p2p/bot/cycle 200 in 28.2s (next.js: 6ms, application-code: 28.2s)
 GET /api/p2p/bot/config 200 in 132ms (next.js: 2ms, application-code: 130ms)
 GET /api/p2p/bot/logs?limit=30&exchange=binance 200 in 137ms (next.js: 4ms, application-code: 133ms)
 GET /api/p2p/bot/orders?limit=20&live=true&exchange=binance 200 in 503ms (next.js: 6ms, application-code: 497ms)
 POST /api/p2p/bot/cycle 200 in 27.9s (next.js: 1173µs, application-code: 27.9s)
 GET /api/p2p/bot/orders?limit=20&live=true&exchange=binance 200 in 6ms (next.js: 4ms, application-code: 2ms)
 GET /api/p2p/bot/config 200 in 130ms (next.js: 3ms, application-code: 127ms)
 GET /api/p2p/bot/exchange-config?_=cf83e22w30v 200 in 126ms (next.js: 359µs, application-code: 125ms)
 GET /api/p2p/bot/logs?limit=30&exchange=binance 200 in 255ms (next.js: 4ms, application-code: 251ms)
 GET /api/binance/credentials 200 in 127ms (next.js: 858µs, application-code: 126ms)
 GET /api/p2p/bot/exchange-config?_=hy1my5hg1bm 200 in 890ms (next.js: 2ms, application-code: 887ms)
 GET /api/binance/credentials 200 in 129ms (next.js: 701µs, application-code: 128ms)
 GET /api/p2p/bot/ads?exchange=binance 200 in 603ms (next.js: 1194µs, application-code: 602ms)
 GET /api/p2p/bot/ads?exchange=binance 200 in 605ms (next.js: 2ms, application-code: 603ms)
 GET /api/binance/p2p-history 200 in 4.3s (next.js: 5ms, application-code: 4.3s)
 GET /api/p2p/initial-capital 200 in 139ms (next.js: 4ms, application-code: 135ms)
 GET /dashboard 200 in 400ms (next.js: 88ms, application-code: 312ms)
 GET /dashboard 200 in 277ms (next.js: 1035µs, application-code: 276ms)
 GET /dashboard 200 in 279ms (next.js: 2ms, application-code: 277ms)
 GET /dashboard 200 in 273ms (next.js: 4ms, application-code: 269ms)
 GET /dashboard 200 in 270ms (next.js: 4ms, application-code: 266ms)
 GET /dashboard 200 in 273ms (next.js: 1135µs, application-code: 272ms)
 GET /dashboard 200 in 1046ms (next.js: 752µs, application-code: 1045ms)
 GET /dashboard 200 in 1057ms (next.js: 764µs, application-code: 1056ms)
 GET /dashboard 200 in 338ms (next.js: 2ms, application-code: 336ms)
 GET /dashboard 200 in 317ms (next.js: 1844µs, application-code: 315ms)
 GET /dashboard 200 in 277ms (next.js: 5ms, application-code: 272ms)
 GET /dashboard 200 in 264ms (next.js: 1122µs, application-code: 263ms)
 GET /dashboard 200 in 261ms (next.js: 1842µs, application-code: 259ms)
 POST /api/p2p/bot/cycle 200 in 11.7s (next.js: 3ms, application-code: 11.7s)
 GET /api/binance/p2p-history 200 in 473ms (next.js: 57ms, application-code: 416ms)
 POST /api/p2p/bot/cycle 200 in 11.1s (next.js: 1071µs, application-code: 11.1s)
 GET /api/p2p/initial-capital 200 in 364ms (next.js: 28ms, application-code: 335ms)
 GET /api/p2p/bot/config 200 in 390ms (next.js: 232ms, application-code: 159ms)
 GET /api/p2p/bot/exchange-config?_=p4tf0230xh9 200 in 181ms (next.js: 54ms, application-code: 127ms)
 GET /api/p2p/bot/logs?limit=30&exchange=binance 200 in 486ms (next.js: 208ms, application-code: 278ms)
 GET /api/p2p/initial-capital 200 in 158ms (next.js: 8ms, application-code: 150ms)
 GET /api/p2p/bot/config 200 in 142ms (next.js: 4ms, application-code: 138ms)
 GET /api/operations 200 in 1344ms (next.js: 38ms, application-code: 1306ms)
 GET /api/p2p/capacity 200 in 333ms (next.js: 24ms, application-code: 309ms)
 GET /api/p2p/bot/exchange-config?_=gv3k0levjz9 200 in 169ms (next.js: 5ms, application-code: 164ms)
 GET /api/p2p/bot/orders?limit=20&live=true&exchange=binance 200 in 771ms (next.js: 255ms, application-code: 516ms)
 GET /api/p2p/bot/orders?limit=20&live=true&exchange=binance 200 in 7ms (next.js: 3ms, application-code: 4ms)
 GET /api/binance/credentials 200 in 223ms (next.js: 88ms, application-code: 135ms)
 GET /api/p2p/bot/logs?limit=30&exchange=binance 200 in 135ms (next.js: 1177µs, application-code: 134ms)
 GET /api/binance/credentials 200 in 126ms (next.js: 884µs, application-code: 126ms)
 GET /api/p2p/initial-capital 200 in 126ms (next.js: 644µs, application-code: 126ms)
 GET /api/expenses 200 in 289ms (next.js: 35ms, application-code: 254ms)
 GET /api/capital 200 in 290ms (next.js: 33ms, application-code: 257ms)
 GET /api/p2p/capacity 200 in 253ms (next.js: 1212µs, application-code: 252ms)
 GET /api/p2p/bot/ads?exchange=binance 200 in 1412ms (next.js: 30ms, application-code: 1382ms)
 GET /api/p2p/bot/ads?exchange=binance 200 in 591ms (next.js: 887µs, application-code: 590ms)
 GET /api/p2p/bot/ads?exchange=binance 200 in 601ms (next.js: 1111µs, application-code: 600ms)
 GET /api/binance/p2p-history 200 in 4.6s (next.js: 3ms, application-code: 4.6s)
 GET /api/p2p/initial-capital 200 in 159ms (next.js: 11ms, application-code: 149ms)
 POST /api/p2p/bot/cycle 200 in 27.3s (next.js: 26ms, application-code: 27.3s)
[?25h
